Release 14.7 Map P.20131013 (nt64)
Xilinx Mapping Report File for Design 'ppm'

Design Information
------------------
Command Line   : map -intstyle ise -p xc7a100t-csg324-3 -w -logic_opt off -ol
high -t 1 -xt 0 -register_duplication off -r 4 -mt off -ir off -pr off -lc off
-power off -o ppm_map.ncd ppm.ngd ppm.pcf 
Target Device  : xc7a100t
Target Package : csg324
Target Speed   : -3
Mapper Version : artix7 -- $Revision: 1.55 $
Mapped Date    : Thu Jul 23 06:47:18 2015

Design Summary
--------------
Number of errors:      0
Number of warnings:    0
Slice Logic Utilization:
  Number of Slice Registers:                   988 out of 126,800    1%
    Number used as Flip Flops:                 982
    Number used as Latches:                      0
    Number used as Latch-thrus:                  0
    Number used as AND/OR logics:                6
  Number of Slice LUTs:                      1,479 out of  63,400    2%
    Number used as logic:                    1,247 out of  63,400    1%
      Number using O6 output only:             921
      Number using O5 output only:              50
      Number using O5 and O6:                  276
      Number used as ROM:                        0
    Number used as Memory:                     226 out of  19,000    1%
      Number used as Dual Port RAM:            128
        Number using O6 output only:             0
        Number using O5 output only:             0
        Number using O5 and O6:                128
      Number used as Single Port RAM:            0
      Number used as Shift Register:            98
        Number using O6 output only:            97
        Number using O5 output only:             0
        Number using O5 and O6:                  1
    Number used exclusively as route-thrus:      6
      Number with same-slice register load:      1
      Number with same-slice carry load:         5
      Number with other load:                    0

Slice Logic Distribution:
  Number of occupied Slices:                   697 out of  15,850    4%
  Number of LUT Flip Flop pairs used:        1,856
    Number with an unused Flip Flop:           894 out of   1,856   48%
    Number with an unused LUT:                 377 out of   1,856   20%
    Number of fully used LUT-FF pairs:         585 out of   1,856   31%
    Number of unique control sets:              99
    Number of slice register sites lost
      to control set restrictions:             383 out of 126,800    1%

  A LUT Flip Flop pair for this architecture represents one LUT paired with
  one Flip Flop within a slice.  A control set is a unique combination of
  clock, reset, set, and enable signals for a registered element.
  The Slice Logic Distribution report is not meaningful if the design is
  over-mapped for a non-slice resource or if Placement fails.
  OVERMAPPING of BRAM resources should be ignored if the design is
  over-mapped for a non-BRAM resource or if placement fails.

IO Utilization:
  Number of bonded IOBs:                        33 out of     210   15%
    Number of LOCed IOBs:                       33 out of      33  100%
    IOB Flip Flops:                              1

Specific Feature Utilization:
  Number of RAMB36E1/FIFO36E1s:                 32 out of     135   23%
    Number using RAMB36E1 only:                 32
    Number using FIFO36E1 only:                  0
  Number of RAMB18E1/FIFO18E1s:                  0 out of     270    0%
  Number of BUFG/BUFGCTRLs:                      4 out of      32   12%
    Number used as BUFGs:                        4
    Number used as BUFGCTRLs:                    0
  Number of IDELAYE2/IDELAYE2_FINEDELAYs:        0 out of     300    0%
  Number of ILOGICE2/ILOGICE3/ISERDESE2s:        1 out of     300    1%
    Number used as ILOGICE2s:                    1
  Number used as  ILOGICE3s:                     0
    Number used as ISERDESE2s:                   0
  Number of ODELAYE2/ODELAYE2_FINEDELAYs:        0
  Number of OLOGICE2/OLOGICE3/OSERDESE2s:        0 out of     300    0%
  Number of PHASER_IN/PHASER_IN_PHYs:            0 out of      24    0%
  Number of PHASER_OUT/PHASER_OUT_PHYs:          0 out of      24    0%
  Number of BSCANs:                              0 out of       4    0%
  Number of BUFHCEs:                             0 out of      96    0%
  Number of BUFRs:                               0 out of      24    0%
  Number of CAPTUREs:                            0 out of       1    0%
  Number of DNA_PORTs:                           0 out of       1    0%
  Number of DSP48E1s:                            0 out of     240    0%
  Number of EFUSE_USRs:                          0 out of       1    0%
  Number of FRAME_ECCs:                          0 out of       1    0%
  Number of IBUFDS_GTE2s:                        0 out of       4    0%
  Number of ICAPs:                               0 out of       2    0%
  Number of IDELAYCTRLs:                         0 out of       6    0%
  Number of IN_FIFOs:                            0 out of      24    0%
  Number of MMCME2_ADVs:                         0 out of       6    0%
  Number of OUT_FIFOs:                           0 out of      24    0%
  Number of PCIE_2_1s:                           0 out of       1    0%
  Number of PHASER_REFs:                         0 out of       6    0%
  Number of PHY_CONTROLs:                        0 out of       6    0%
  Number of PLLE2_ADVs:                          0 out of       6    0%
  Number of STARTUPs:                            0 out of       1    0%
  Number of XADCs:                               0 out of       1    0%

Average Fanout of Non-Clock Nets:                4.22

Peak Memory Usage:  867 MB
Total REAL time to MAP completion:  2 mins 2 secs 
Total CPU time to MAP completion:   2 mins 1 secs 

Table of Contents
-----------------
Section 1 - Errors
Section 2 - Warnings
Section 3 - Informational
Section 4 - Removed Logic Summary
Section 5 - Removed Logic
Section 6 - IOB Properties
Section 7 - RPMs
Section 8 - Guide Report
Section 9 - Area Group and Partition Summary
Section 10 - Timing Report
Section 11 - Configuration String Information
Section 12 - Control Set Information
Section 13 - Utilization by Hierarchy

Section 1 - Errors
------------------

Section 2 - Warnings
--------------------

Section 3 - Informational
-------------------------
INFO:LIT:243 - Logical network sw8 has no load.
INFO:LIT:395 - The above info message is repeated 262 more times for the
   following (max. 5 shown):
   sw9,
   sw10,
   sw11,
   sw12,
   sw13
   To see the details of these info messages, please use the -detail switch.
INFO:LIT:244 - All of the single ended outputs in this design are using slew
   rate limited output drivers. The delay on speed critical single ended outputs
   can be dramatically reduced by designating them as fast outputs.
INFO:Pack:1716 - Initializing temperature to 85.000 Celsius. (default - Range:
   0.000 to 85.000 Celsius)
INFO:Pack:1720 - Initializing voltage to 0.950 Volts. (default - Range: 0.950 to
   1.050 Volts)
INFO:Map:215 - The Interim Design Summary has been generated in the MAP Report
   (.mrp).
INFO:Pack:1650 - Map created a placed design.

Section 4 - Removed Logic Summary
---------------------------------
 308 block(s) removed
 264 block(s) optimized away
 218 signal(s) removed

Section 5 - Removed Logic
-------------------------

The trimmed logic report below shows the logic removed from your design due to
sourceless or loadless signals, and VCC or ground connections.  If the removal
of a signal or symbol results in the subsequent removal of an additional signal
or symbol, the message explaining that second removal will be indented.  This
indentation will be repeated as a chain of related logic is removed.

To quickly locate the original cause for the removal of a chain of logic, look
above the place where that logic is listed in the trimming report, then locate
the lines that are least indented (begin at the leftmost edge).

Loadless block
"mcs_0/U0/microblaze_I/MicroBlaze_Core_I/Area.Byte_Doublet_Handle_I/Using_FPGA.F
PGA_LUT6_Target_ADDR.LOW_ADDR_OUT_LUT6" (LUT6_2) removed.
 The signal
"mcs_0/U0/microblaze_I/MicroBlaze_Core_I/Area.Byte_Doublet_Handle_I/low_addr_i<1
>" is loadless and has been removed.
 The signal
"mcs_0/U0/microblaze_I/MicroBlaze_Core_I/Area.Byte_Doublet_Handle_I/low_addr_i<0
>" is loadless and has been removed.
Loadless block
"mcs_0/U0/microblaze_I/MicroBlaze_Core_I/Area.Data_Flow_I/PC_Module_I/Using_FPGA
.Not_All_Bits.PC_GEN[16].PC_Bit_I/PC_EX_DFF" (FF) removed.
Loadless block
"mcs_0/U0/microblaze_I/MicroBlaze_Core_I/Area.Data_Flow_I/PC_Module_I/Using_FPGA
.Not_All_Bits.PC_GEN[17].PC_Bit_I/PC_EX_DFF" (FF) removed.
Loadless block
"mcs_0/U0/microblaze_I/MicroBlaze_Core_I/Area.Data_Flow_I/PC_Module_I/Using_FPGA
.Not_All_Bits.PC_GEN[18].PC_Bit_I/PC_EX_DFF" (FF) removed.
Loadless block
"mcs_0/U0/microblaze_I/MicroBlaze_Core_I/Area.Data_Flow_I/PC_Module_I/Using_FPGA
.Not_All_Bits.PC_GEN[19].PC_Bit_I/PC_EX_DFF" (FF) removed.
Loadless block
"mcs_0/U0/microblaze_I/MicroBlaze_Core_I/Area.Data_Flow_I/PC_Module_I/Using_FPGA
.Not_All_Bits.PC_GEN[20].PC_Bit_I/PC_EX_DFF" (FF) removed.
Loadless block
"mcs_0/U0/microblaze_I/MicroBlaze_Core_I/Area.Data_Flow_I/PC_Module_I/Using_FPGA
.Not_All_Bits.PC_GEN[21].PC_Bit_I/PC_EX_DFF" (FF) removed.
Loadless block
"mcs_0/U0/microblaze_I/MicroBlaze_Core_I/Area.Data_Flow_I/PC_Module_I/Using_FPGA
.Not_All_Bits.PC_GEN[22].PC_Bit_I/PC_EX_DFF" (FF) removed.
Loadless block
"mcs_0/U0/microblaze_I/MicroBlaze_Core_I/Area.Data_Flow_I/PC_Module_I/Using_FPGA
.Not_All_Bits.PC_GEN[23].PC_Bit_I/PC_EX_DFF" (FF) removed.
Loadless block
"mcs_0/U0/microblaze_I/MicroBlaze_Core_I/Area.Data_Flow_I/PC_Module_I/Using_FPGA
.Not_All_Bits.PC_GEN[24].PC_Bit_I/PC_EX_DFF" (FF) removed.
Loadless block
"mcs_0/U0/microblaze_I/MicroBlaze_Core_I/Area.Data_Flow_I/PC_Module_I/Using_FPGA
.Not_All_Bits.PC_GEN[25].PC_Bit_I/PC_EX_DFF" (FF) removed.
Loadless block
"mcs_0/U0/microblaze_I/MicroBlaze_Core_I/Area.Data_Flow_I/PC_Module_I/Using_FPGA
.Not_All_Bits.PC_GEN[26].PC_Bit_I/PC_EX_DFF" (FF) removed.
Loadless block
"mcs_0/U0/microblaze_I/MicroBlaze_Core_I/Area.Data_Flow_I/PC_Module_I/Using_FPGA
.Not_All_Bits.PC_GEN[27].PC_Bit_I/PC_EX_DFF" (FF) removed.
Loadless block
"mcs_0/U0/microblaze_I/MicroBlaze_Core_I/Area.Data_Flow_I/PC_Module_I/Using_FPGA
.Not_All_Bits.PC_GEN[28].PC_Bit_I/PC_EX_DFF" (FF) removed.
Loadless block
"mcs_0/U0/microblaze_I/MicroBlaze_Core_I/Area.Data_Flow_I/PC_Module_I/Using_FPGA
.Not_All_Bits.PC_GEN[29].PC_Bit_I/PC_EX_DFF" (FF) removed.
Loadless block
"mcs_0/U0/microblaze_I/MicroBlaze_Core_I/Area.Data_Flow_I/Result_Mux_I/Using_FPG
A.Result_Mux_Bits[0].Result_Mux_Bit_I/EX_Result_DFF" (FF) removed.
Loadless block
"mcs_0/U0/microblaze_I/MicroBlaze_Core_I/Area.Data_Flow_I/Result_Mux_I/Using_FPG
A.Result_Mux_Bits[10].Result_Mux_Bit_I/EX_Result_DFF" (FF) removed.
Loadless block
"mcs_0/U0/microblaze_I/MicroBlaze_Core_I/Area.Data_Flow_I/Result_Mux_I/Using_FPG
A.Result_Mux_Bits[11].Result_Mux_Bit_I/EX_Result_DFF" (FF) removed.
Loadless block
"mcs_0/U0/microblaze_I/MicroBlaze_Core_I/Area.Data_Flow_I/Result_Mux_I/Using_FPG
A.Result_Mux_Bits[12].Result_Mux_Bit_I/EX_Result_DFF" (FF) removed.
Loadless block
"mcs_0/U0/microblaze_I/MicroBlaze_Core_I/Area.Data_Flow_I/Result_Mux_I/Using_FPG
A.Result_Mux_Bits[13].Result_Mux_Bit_I/EX_Result_DFF" (FF) removed.
Loadless block
"mcs_0/U0/microblaze_I/MicroBlaze_Core_I/Area.Data_Flow_I/Result_Mux_I/Using_FPG
A.Result_Mux_Bits[14].Result_Mux_Bit_I/EX_Result_DFF" (FF) removed.
Loadless block
"mcs_0/U0/microblaze_I/MicroBlaze_Core_I/Area.Data_Flow_I/Result_Mux_I/Using_FPG
A.Result_Mux_Bits[15].Result_Mux_Bit_I/EX_Result_DFF" (FF) removed.
Loadless block
"mcs_0/U0/microblaze_I/MicroBlaze_Core_I/Area.Data_Flow_I/Result_Mux_I/Using_FPG
A.Result_Mux_Bits[16].Result_Mux_Bit_I/EX_Result_DFF" (FF) removed.
Loadless block
"mcs_0/U0/microblaze_I/MicroBlaze_Core_I/Area.Data_Flow_I/Result_Mux_I/Using_FPG
A.Result_Mux_Bits[17].Result_Mux_Bit_I/EX_Result_DFF" (FF) removed.
Loadless block
"mcs_0/U0/microblaze_I/MicroBlaze_Core_I/Area.Data_Flow_I/Result_Mux_I/Using_FPG
A.Result_Mux_Bits[18].Result_Mux_Bit_I/EX_Result_DFF" (FF) removed.
Loadless block
"mcs_0/U0/microblaze_I/MicroBlaze_Core_I/Area.Data_Flow_I/Result_Mux_I/Using_FPG
A.Result_Mux_Bits[19].Result_Mux_Bit_I/EX_Result_DFF" (FF) removed.
Loadless block
"mcs_0/U0/microblaze_I/MicroBlaze_Core_I/Area.Data_Flow_I/Result_Mux_I/Using_FPG
A.Result_Mux_Bits[1].Result_Mux_Bit_I/EX_Result_DFF" (FF) removed.
Loadless block
"mcs_0/U0/microblaze_I/MicroBlaze_Core_I/Area.Data_Flow_I/Result_Mux_I/Using_FPG
A.Result_Mux_Bits[20].Result_Mux_Bit_I/EX_Result_DFF" (FF) removed.
Loadless block
"mcs_0/U0/microblaze_I/MicroBlaze_Core_I/Area.Data_Flow_I/Result_Mux_I/Using_FPG
A.Result_Mux_Bits[21].Result_Mux_Bit_I/EX_Result_DFF" (FF) removed.
Loadless block
"mcs_0/U0/microblaze_I/MicroBlaze_Core_I/Area.Data_Flow_I/Result_Mux_I/Using_FPG
A.Result_Mux_Bits[22].Result_Mux_Bit_I/EX_Result_DFF" (FF) removed.
Loadless block
"mcs_0/U0/microblaze_I/MicroBlaze_Core_I/Area.Data_Flow_I/Result_Mux_I/Using_FPG
A.Result_Mux_Bits[23].Result_Mux_Bit_I/EX_Result_DFF" (FF) removed.
Loadless block
"mcs_0/U0/microblaze_I/MicroBlaze_Core_I/Area.Data_Flow_I/Result_Mux_I/Using_FPG
A.Result_Mux_Bits[24].Result_Mux_Bit_I/EX_Result_DFF" (FF) removed.
Loadless block
"mcs_0/U0/microblaze_I/MicroBlaze_Core_I/Area.Data_Flow_I/Result_Mux_I/Using_FPG
A.Result_Mux_Bits[25].Result_Mux_Bit_I/EX_Result_DFF" (FF) removed.
Loadless block
"mcs_0/U0/microblaze_I/MicroBlaze_Core_I/Area.Data_Flow_I/Result_Mux_I/Using_FPG
A.Result_Mux_Bits[26].Result_Mux_Bit_I/EX_Result_DFF" (FF) removed.
Loadless block
"mcs_0/U0/microblaze_I/MicroBlaze_Core_I/Area.Data_Flow_I/Result_Mux_I/Using_FPG
A.Result_Mux_Bits[27].Result_Mux_Bit_I/EX_Result_DFF" (FF) removed.
Loadless block
"mcs_0/U0/microblaze_I/MicroBlaze_Core_I/Area.Data_Flow_I/Result_Mux_I/Using_FPG
A.Result_Mux_Bits[28].Result_Mux_Bit_I/EX_Result_DFF" (FF) removed.
Loadless block
"mcs_0/U0/microblaze_I/MicroBlaze_Core_I/Area.Data_Flow_I/Result_Mux_I/Using_FPG
A.Result_Mux_Bits[29].Result_Mux_Bit_I/EX_Result_DFF" (FF) removed.
Loadless block
"mcs_0/U0/microblaze_I/MicroBlaze_Core_I/Area.Data_Flow_I/Result_Mux_I/Using_FPG
A.Result_Mux_Bits[2].Result_Mux_Bit_I/EX_Result_DFF" (FF) removed.
Loadless block
"mcs_0/U0/microblaze_I/MicroBlaze_Core_I/Area.Data_Flow_I/Result_Mux_I/Using_FPG
A.Result_Mux_Bits[30].Result_Mux_Bit_I/EX_Result_DFF" (FF) removed.
Loadless block
"mcs_0/U0/microblaze_I/MicroBlaze_Core_I/Area.Data_Flow_I/Result_Mux_I/Using_FPG
A.Result_Mux_Bits[31].Result_Mux_Bit_I/EX_Result_DFF" (FF) removed.
Loadless block
"mcs_0/U0/microblaze_I/MicroBlaze_Core_I/Area.Data_Flow_I/Result_Mux_I/Using_FPG
A.Result_Mux_Bits[3].Result_Mux_Bit_I/EX_Result_DFF" (FF) removed.
Loadless block
"mcs_0/U0/microblaze_I/MicroBlaze_Core_I/Area.Data_Flow_I/Result_Mux_I/Using_FPG
A.Result_Mux_Bits[4].Result_Mux_Bit_I/EX_Result_DFF" (FF) removed.
Loadless block
"mcs_0/U0/microblaze_I/MicroBlaze_Core_I/Area.Data_Flow_I/Result_Mux_I/Using_FPG
A.Result_Mux_Bits[5].Result_Mux_Bit_I/EX_Result_DFF" (FF) removed.
Loadless block
"mcs_0/U0/microblaze_I/MicroBlaze_Core_I/Area.Data_Flow_I/Result_Mux_I/Using_FPG
A.Result_Mux_Bits[6].Result_Mux_Bit_I/EX_Result_DFF" (FF) removed.
Loadless block
"mcs_0/U0/microblaze_I/MicroBlaze_Core_I/Area.Data_Flow_I/Result_Mux_I/Using_FPG
A.Result_Mux_Bits[7].Result_Mux_Bit_I/EX_Result_DFF" (FF) removed.
Loadless block
"mcs_0/U0/microblaze_I/MicroBlaze_Core_I/Area.Data_Flow_I/Result_Mux_I/Using_FPG
A.Result_Mux_Bits[8].Result_Mux_Bit_I/EX_Result_DFF" (FF) removed.
Loadless block
"mcs_0/U0/microblaze_I/MicroBlaze_Core_I/Area.Data_Flow_I/Result_Mux_I/Using_FPG
A.Result_Mux_Bits[9].Result_Mux_Bit_I/EX_Result_DFF" (FF) removed.
Loadless block
"mcs_0/U0/microblaze_I/MicroBlaze_Core_I/Area.Decode_I/Using_FPGA.Ext_NM_BRK_FDR
SE" (FF) removed.
Loadless block
"mcs_1/U0/microblaze_I/MicroBlaze_Core_I/Area.Byte_Doublet_Handle_I/Using_FPGA.F
PGA_LUT6_Target_ADDR.LOW_ADDR_OUT_LUT6" (LUT6_2) removed.
 The signal
"mcs_1/U0/microblaze_I/MicroBlaze_Core_I/Area.Byte_Doublet_Handle_I/low_addr_i<1
>" is loadless and has been removed.
 The signal
"mcs_1/U0/microblaze_I/MicroBlaze_Core_I/Area.Byte_Doublet_Handle_I/low_addr_i<0
>" is loadless and has been removed.
Loadless block
"mcs_1/U0/microblaze_I/MicroBlaze_Core_I/Area.Data_Flow_I/PC_Module_I/Using_FPGA
.Not_All_Bits.PC_GEN[16].PC_Bit_I/PC_EX_DFF" (FF) removed.
Loadless block
"mcs_1/U0/microblaze_I/MicroBlaze_Core_I/Area.Data_Flow_I/PC_Module_I/Using_FPGA
.Not_All_Bits.PC_GEN[17].PC_Bit_I/PC_EX_DFF" (FF) removed.
Loadless block
"mcs_1/U0/microblaze_I/MicroBlaze_Core_I/Area.Data_Flow_I/PC_Module_I/Using_FPGA
.Not_All_Bits.PC_GEN[18].PC_Bit_I/PC_EX_DFF" (FF) removed.
Loadless block
"mcs_1/U0/microblaze_I/MicroBlaze_Core_I/Area.Data_Flow_I/PC_Module_I/Using_FPGA
.Not_All_Bits.PC_GEN[19].PC_Bit_I/PC_EX_DFF" (FF) removed.
Loadless block
"mcs_1/U0/microblaze_I/MicroBlaze_Core_I/Area.Data_Flow_I/PC_Module_I/Using_FPGA
.Not_All_Bits.PC_GEN[20].PC_Bit_I/PC_EX_DFF" (FF) removed.
Loadless block
"mcs_1/U0/microblaze_I/MicroBlaze_Core_I/Area.Data_Flow_I/PC_Module_I/Using_FPGA
.Not_All_Bits.PC_GEN[21].PC_Bit_I/PC_EX_DFF" (FF) removed.
Loadless block
"mcs_1/U0/microblaze_I/MicroBlaze_Core_I/Area.Data_Flow_I/PC_Module_I/Using_FPGA
.Not_All_Bits.PC_GEN[22].PC_Bit_I/PC_EX_DFF" (FF) removed.
Loadless block
"mcs_1/U0/microblaze_I/MicroBlaze_Core_I/Area.Data_Flow_I/PC_Module_I/Using_FPGA
.Not_All_Bits.PC_GEN[23].PC_Bit_I/PC_EX_DFF" (FF) removed.
Loadless block
"mcs_1/U0/microblaze_I/MicroBlaze_Core_I/Area.Data_Flow_I/PC_Module_I/Using_FPGA
.Not_All_Bits.PC_GEN[24].PC_Bit_I/PC_EX_DFF" (FF) removed.
Loadless block
"mcs_1/U0/microblaze_I/MicroBlaze_Core_I/Area.Data_Flow_I/PC_Module_I/Using_FPGA
.Not_All_Bits.PC_GEN[25].PC_Bit_I/PC_EX_DFF" (FF) removed.
Loadless block
"mcs_1/U0/microblaze_I/MicroBlaze_Core_I/Area.Data_Flow_I/PC_Module_I/Using_FPGA
.Not_All_Bits.PC_GEN[26].PC_Bit_I/PC_EX_DFF" (FF) removed.
Loadless block
"mcs_1/U0/microblaze_I/MicroBlaze_Core_I/Area.Data_Flow_I/PC_Module_I/Using_FPGA
.Not_All_Bits.PC_GEN[27].PC_Bit_I/PC_EX_DFF" (FF) removed.
Loadless block
"mcs_1/U0/microblaze_I/MicroBlaze_Core_I/Area.Data_Flow_I/PC_Module_I/Using_FPGA
.Not_All_Bits.PC_GEN[28].PC_Bit_I/PC_EX_DFF" (FF) removed.
Loadless block
"mcs_1/U0/microblaze_I/MicroBlaze_Core_I/Area.Data_Flow_I/PC_Module_I/Using_FPGA
.Not_All_Bits.PC_GEN[29].PC_Bit_I/PC_EX_DFF" (FF) removed.
Loadless block
"mcs_1/U0/microblaze_I/MicroBlaze_Core_I/Area.Data_Flow_I/Result_Mux_I/Using_FPG
A.Result_Mux_Bits[0].Result_Mux_Bit_I/EX_Result_DFF" (FF) removed.
Loadless block
"mcs_1/U0/microblaze_I/MicroBlaze_Core_I/Area.Data_Flow_I/Result_Mux_I/Using_FPG
A.Result_Mux_Bits[10].Result_Mux_Bit_I/EX_Result_DFF" (FF) removed.
Loadless block
"mcs_1/U0/microblaze_I/MicroBlaze_Core_I/Area.Data_Flow_I/Result_Mux_I/Using_FPG
A.Result_Mux_Bits[11].Result_Mux_Bit_I/EX_Result_DFF" (FF) removed.
Loadless block
"mcs_1/U0/microblaze_I/MicroBlaze_Core_I/Area.Data_Flow_I/Result_Mux_I/Using_FPG
A.Result_Mux_Bits[12].Result_Mux_Bit_I/EX_Result_DFF" (FF) removed.
Loadless block
"mcs_1/U0/microblaze_I/MicroBlaze_Core_I/Area.Data_Flow_I/Result_Mux_I/Using_FPG
A.Result_Mux_Bits[13].Result_Mux_Bit_I/EX_Result_DFF" (FF) removed.
Loadless block
"mcs_1/U0/microblaze_I/MicroBlaze_Core_I/Area.Data_Flow_I/Result_Mux_I/Using_FPG
A.Result_Mux_Bits[14].Result_Mux_Bit_I/EX_Result_DFF" (FF) removed.
Loadless block
"mcs_1/U0/microblaze_I/MicroBlaze_Core_I/Area.Data_Flow_I/Result_Mux_I/Using_FPG
A.Result_Mux_Bits[15].Result_Mux_Bit_I/EX_Result_DFF" (FF) removed.
Loadless block
"mcs_1/U0/microblaze_I/MicroBlaze_Core_I/Area.Data_Flow_I/Result_Mux_I/Using_FPG
A.Result_Mux_Bits[16].Result_Mux_Bit_I/EX_Result_DFF" (FF) removed.
Loadless block
"mcs_1/U0/microblaze_I/MicroBlaze_Core_I/Area.Data_Flow_I/Result_Mux_I/Using_FPG
A.Result_Mux_Bits[17].Result_Mux_Bit_I/EX_Result_DFF" (FF) removed.
Loadless block
"mcs_1/U0/microblaze_I/MicroBlaze_Core_I/Area.Data_Flow_I/Result_Mux_I/Using_FPG
A.Result_Mux_Bits[18].Result_Mux_Bit_I/EX_Result_DFF" (FF) removed.
Loadless block
"mcs_1/U0/microblaze_I/MicroBlaze_Core_I/Area.Data_Flow_I/Result_Mux_I/Using_FPG
A.Result_Mux_Bits[19].Result_Mux_Bit_I/EX_Result_DFF" (FF) removed.
Loadless block
"mcs_1/U0/microblaze_I/MicroBlaze_Core_I/Area.Data_Flow_I/Result_Mux_I/Using_FPG
A.Result_Mux_Bits[1].Result_Mux_Bit_I/EX_Result_DFF" (FF) removed.
Loadless block
"mcs_1/U0/microblaze_I/MicroBlaze_Core_I/Area.Data_Flow_I/Result_Mux_I/Using_FPG
A.Result_Mux_Bits[20].Result_Mux_Bit_I/EX_Result_DFF" (FF) removed.
Loadless block
"mcs_1/U0/microblaze_I/MicroBlaze_Core_I/Area.Data_Flow_I/Result_Mux_I/Using_FPG
A.Result_Mux_Bits[21].Result_Mux_Bit_I/EX_Result_DFF" (FF) removed.
Loadless block
"mcs_1/U0/microblaze_I/MicroBlaze_Core_I/Area.Data_Flow_I/Result_Mux_I/Using_FPG
A.Result_Mux_Bits[22].Result_Mux_Bit_I/EX_Result_DFF" (FF) removed.
Loadless block
"mcs_1/U0/microblaze_I/MicroBlaze_Core_I/Area.Data_Flow_I/Result_Mux_I/Using_FPG
A.Result_Mux_Bits[23].Result_Mux_Bit_I/EX_Result_DFF" (FF) removed.
Loadless block
"mcs_1/U0/microblaze_I/MicroBlaze_Core_I/Area.Data_Flow_I/Result_Mux_I/Using_FPG
A.Result_Mux_Bits[24].Result_Mux_Bit_I/EX_Result_DFF" (FF) removed.
Loadless block
"mcs_1/U0/microblaze_I/MicroBlaze_Core_I/Area.Data_Flow_I/Result_Mux_I/Using_FPG
A.Result_Mux_Bits[25].Result_Mux_Bit_I/EX_Result_DFF" (FF) removed.
Loadless block
"mcs_1/U0/microblaze_I/MicroBlaze_Core_I/Area.Data_Flow_I/Result_Mux_I/Using_FPG
A.Result_Mux_Bits[26].Result_Mux_Bit_I/EX_Result_DFF" (FF) removed.
Loadless block
"mcs_1/U0/microblaze_I/MicroBlaze_Core_I/Area.Data_Flow_I/Result_Mux_I/Using_FPG
A.Result_Mux_Bits[27].Result_Mux_Bit_I/EX_Result_DFF" (FF) removed.
Loadless block
"mcs_1/U0/microblaze_I/MicroBlaze_Core_I/Area.Data_Flow_I/Result_Mux_I/Using_FPG
A.Result_Mux_Bits[28].Result_Mux_Bit_I/EX_Result_DFF" (FF) removed.
Loadless block
"mcs_1/U0/microblaze_I/MicroBlaze_Core_I/Area.Data_Flow_I/Result_Mux_I/Using_FPG
A.Result_Mux_Bits[29].Result_Mux_Bit_I/EX_Result_DFF" (FF) removed.
Loadless block
"mcs_1/U0/microblaze_I/MicroBlaze_Core_I/Area.Data_Flow_I/Result_Mux_I/Using_FPG
A.Result_Mux_Bits[2].Result_Mux_Bit_I/EX_Result_DFF" (FF) removed.
Loadless block
"mcs_1/U0/microblaze_I/MicroBlaze_Core_I/Area.Data_Flow_I/Result_Mux_I/Using_FPG
A.Result_Mux_Bits[30].Result_Mux_Bit_I/EX_Result_DFF" (FF) removed.
Loadless block
"mcs_1/U0/microblaze_I/MicroBlaze_Core_I/Area.Data_Flow_I/Result_Mux_I/Using_FPG
A.Result_Mux_Bits[31].Result_Mux_Bit_I/EX_Result_DFF" (FF) removed.
Loadless block
"mcs_1/U0/microblaze_I/MicroBlaze_Core_I/Area.Data_Flow_I/Result_Mux_I/Using_FPG
A.Result_Mux_Bits[3].Result_Mux_Bit_I/EX_Result_DFF" (FF) removed.
Loadless block
"mcs_1/U0/microblaze_I/MicroBlaze_Core_I/Area.Data_Flow_I/Result_Mux_I/Using_FPG
A.Result_Mux_Bits[4].Result_Mux_Bit_I/EX_Result_DFF" (FF) removed.
Loadless block
"mcs_1/U0/microblaze_I/MicroBlaze_Core_I/Area.Data_Flow_I/Result_Mux_I/Using_FPG
A.Result_Mux_Bits[5].Result_Mux_Bit_I/EX_Result_DFF" (FF) removed.
Loadless block
"mcs_1/U0/microblaze_I/MicroBlaze_Core_I/Area.Data_Flow_I/Result_Mux_I/Using_FPG
A.Result_Mux_Bits[6].Result_Mux_Bit_I/EX_Result_DFF" (FF) removed.
Loadless block
"mcs_1/U0/microblaze_I/MicroBlaze_Core_I/Area.Data_Flow_I/Result_Mux_I/Using_FPG
A.Result_Mux_Bits[7].Result_Mux_Bit_I/EX_Result_DFF" (FF) removed.
Loadless block
"mcs_1/U0/microblaze_I/MicroBlaze_Core_I/Area.Data_Flow_I/Result_Mux_I/Using_FPG
A.Result_Mux_Bits[8].Result_Mux_Bit_I/EX_Result_DFF" (FF) removed.
Loadless block
"mcs_1/U0/microblaze_I/MicroBlaze_Core_I/Area.Data_Flow_I/Result_Mux_I/Using_FPG
A.Result_Mux_Bits[9].Result_Mux_Bit_I/EX_Result_DFF" (FF) removed.
Loadless block
"mcs_1/U0/microblaze_I/MicroBlaze_Core_I/Area.Decode_I/Using_FPGA.Ext_NM_BRK_FDR
SE" (FF) removed.
The signal "mcs_1/U0/iomodule_0/IOModule_Core_I1/GPO_I2/gpo_io_i<31>" is
sourceless and has been removed.
The signal "mcs_1/U0/iomodule_0/IOModule_Core_I1/GPO_I2/gpo_io_i<30>" is
sourceless and has been removed.
The signal "mcs_1/U0/iomodule_0/IOModule_Core_I1/GPO_I2/gpo_io_i<29>" is
sourceless and has been removed.
The signal "mcs_1/U0/iomodule_0/IOModule_Core_I1/GPO_I2/gpo_io_i<28>" is
sourceless and has been removed.
The signal "mcs_1/U0/iomodule_0/IOModule_Core_I1/GPO_I2/gpo_io_i<27>" is
sourceless and has been removed.
The signal "mcs_1/U0/iomodule_0/IOModule_Core_I1/GPO_I2/gpo_io_i<26>" is
sourceless and has been removed.
The signal "mcs_1/U0/iomodule_0/IOModule_Core_I1/GPO_I2/gpo_io_i<25>" is
sourceless and has been removed.
The signal "mcs_1/U0/iomodule_0/IOModule_Core_I1/GPO_I2/gpo_io_i<24>" is
sourceless and has been removed.
The signal "mcs_1/U0/iomodule_0/IOModule_Core_I1/GPO_I2/gpo_io_i<23>" is
sourceless and has been removed.
The signal "mcs_1/U0/iomodule_0/IOModule_Core_I1/GPO_I2/gpo_io_i<22>" is
sourceless and has been removed.
The signal "mcs_1/U0/iomodule_0/IOModule_Core_I1/GPO_I2/gpo_io_i<21>" is
sourceless and has been removed.
The signal "mcs_1/U0/iomodule_0/IOModule_Core_I1/GPO_I2/gpo_io_i<20>" is
sourceless and has been removed.
The signal "mcs_1/U0/iomodule_0/IOModule_Core_I1/GPO_I2/gpo_io_i<19>" is
sourceless and has been removed.
The signal "mcs_1/U0/iomodule_0/IOModule_Core_I1/GPO_I2/gpo_io_i<18>" is
sourceless and has been removed.
The signal "mcs_1/U0/iomodule_0/IOModule_Core_I1/GPO_I2/gpo_io_i<17>" is
sourceless and has been removed.
The signal "mcs_1/U0/iomodule_0/IOModule_Core_I1/GPO_I2/gpo_io_i<16>" is
sourceless and has been removed.
The signal "mcs_1/U0/iomodule_0/IOModule_Core_I1/GPO_I2/gpo_io_i<15>" is
sourceless and has been removed.
The signal "mcs_1/U0/iomodule_0/IOModule_Core_I1/GPO_I2/gpo_io_i<14>" is
sourceless and has been removed.
The signal "mcs_1/U0/iomodule_0/IOModule_Core_I1/GPO_I2/gpo_io_i<13>" is
sourceless and has been removed.
The signal "mcs_1/U0/iomodule_0/IOModule_Core_I1/GPO_I2/gpo_io_i<12>" is
sourceless and has been removed.
The signal "mcs_1/U0/iomodule_0/IOModule_Core_I1/GPO_I2/gpo_io_i<11>" is
sourceless and has been removed.
The signal "mcs_1/U0/iomodule_0/IOModule_Core_I1/GPO_I2/gpo_io_i<10>" is
sourceless and has been removed.
The signal "mcs_1/U0/iomodule_0/IOModule_Core_I1/GPO_I2/gpo_io_i<9>" is
sourceless and has been removed.
The signal "mcs_1/U0/iomodule_0/IOModule_Core_I1/GPO_I2/gpo_io_i<8>" is
sourceless and has been removed.
The signal "mcs_1/U0/iomodule_0/IOModule_Core_I1/GPO_I2/gpo_io_i<7>" is
sourceless and has been removed.
The signal "mcs_1/U0/iomodule_0/IOModule_Core_I1/GPO_I2/gpo_io_i<6>" is
sourceless and has been removed.
The signal "mcs_1/U0/iomodule_0/IOModule_Core_I1/GPO_I2/gpo_io_i<5>" is
sourceless and has been removed.
The signal "mcs_1/U0/iomodule_0/IOModule_Core_I1/GPO_I2/gpo_io_i<4>" is
sourceless and has been removed.
The signal "mcs_1/U0/iomodule_0/IOModule_Core_I1/GPO_I2/gpo_io_i<3>" is
sourceless and has been removed.
The signal "mcs_1/U0/iomodule_0/IOModule_Core_I1/GPO_I2/gpo_io_i<2>" is
sourceless and has been removed.
The signal "mcs_1/U0/iomodule_0/IOModule_Core_I1/GPO_I2/gpo_io_i<1>" is
sourceless and has been removed.
The signal "mcs_1/U0/iomodule_0/IOModule_Core_I1/GPO_I2/gpo_io_i<0>" is
sourceless and has been removed.
The signal "mcs_1/U0/iomodule_0/IOModule_Core_I1/GPO_I3/gpo_io_i<31>" is
sourceless and has been removed.
The signal "mcs_1/U0/iomodule_0/IOModule_Core_I1/GPO_I3/gpo_io_i<30>" is
sourceless and has been removed.
The signal "mcs_1/U0/iomodule_0/IOModule_Core_I1/GPO_I3/gpo_io_i<29>" is
sourceless and has been removed.
The signal "mcs_1/U0/iomodule_0/IOModule_Core_I1/GPO_I3/gpo_io_i<28>" is
sourceless and has been removed.
The signal "mcs_1/U0/iomodule_0/IOModule_Core_I1/GPO_I3/gpo_io_i<27>" is
sourceless and has been removed.
The signal "mcs_1/U0/iomodule_0/IOModule_Core_I1/GPO_I3/gpo_io_i<26>" is
sourceless and has been removed.
The signal "mcs_1/U0/iomodule_0/IOModule_Core_I1/GPO_I3/gpo_io_i<25>" is
sourceless and has been removed.
The signal "mcs_1/U0/iomodule_0/IOModule_Core_I1/GPO_I3/gpo_io_i<24>" is
sourceless and has been removed.
The signal "mcs_1/U0/iomodule_0/IOModule_Core_I1/GPO_I3/gpo_io_i<23>" is
sourceless and has been removed.
The signal "mcs_1/U0/iomodule_0/IOModule_Core_I1/GPO_I3/gpo_io_i<22>" is
sourceless and has been removed.
The signal "mcs_1/U0/iomodule_0/IOModule_Core_I1/GPO_I3/gpo_io_i<21>" is
sourceless and has been removed.
The signal "mcs_1/U0/iomodule_0/IOModule_Core_I1/GPO_I3/gpo_io_i<20>" is
sourceless and has been removed.
The signal "mcs_1/U0/iomodule_0/IOModule_Core_I1/GPO_I3/gpo_io_i<19>" is
sourceless and has been removed.
The signal "mcs_1/U0/iomodule_0/IOModule_Core_I1/GPO_I3/gpo_io_i<18>" is
sourceless and has been removed.
The signal "mcs_1/U0/iomodule_0/IOModule_Core_I1/GPO_I3/gpo_io_i<17>" is
sourceless and has been removed.
The signal "mcs_1/U0/iomodule_0/IOModule_Core_I1/GPO_I3/gpo_io_i<16>" is
sourceless and has been removed.
The signal "mcs_1/U0/iomodule_0/IOModule_Core_I1/GPO_I3/gpo_io_i<15>" is
sourceless and has been removed.
The signal "mcs_1/U0/iomodule_0/IOModule_Core_I1/GPO_I3/gpo_io_i<14>" is
sourceless and has been removed.
The signal "mcs_1/U0/iomodule_0/IOModule_Core_I1/GPO_I3/gpo_io_i<13>" is
sourceless and has been removed.
The signal "mcs_1/U0/iomodule_0/IOModule_Core_I1/GPO_I3/gpo_io_i<12>" is
sourceless and has been removed.
The signal "mcs_1/U0/iomodule_0/IOModule_Core_I1/GPO_I3/gpo_io_i<11>" is
sourceless and has been removed.
The signal "mcs_1/U0/iomodule_0/IOModule_Core_I1/GPO_I3/gpo_io_i<10>" is
sourceless and has been removed.
The signal "mcs_1/U0/iomodule_0/IOModule_Core_I1/GPO_I3/gpo_io_i<9>" is
sourceless and has been removed.
The signal "mcs_1/U0/iomodule_0/IOModule_Core_I1/GPO_I3/gpo_io_i<8>" is
sourceless and has been removed.
The signal "mcs_1/U0/iomodule_0/IOModule_Core_I1/GPO_I3/gpo_io_i<7>" is
sourceless and has been removed.
The signal "mcs_1/U0/iomodule_0/IOModule_Core_I1/GPO_I3/gpo_io_i<6>" is
sourceless and has been removed.
The signal "mcs_1/U0/iomodule_0/IOModule_Core_I1/GPO_I3/gpo_io_i<5>" is
sourceless and has been removed.
The signal "mcs_1/U0/iomodule_0/IOModule_Core_I1/GPO_I3/gpo_io_i<4>" is
sourceless and has been removed.
The signal "mcs_1/U0/iomodule_0/IOModule_Core_I1/GPO_I3/gpo_io_i<3>" is
sourceless and has been removed.
The signal "mcs_1/U0/iomodule_0/IOModule_Core_I1/GPO_I3/gpo_io_i<2>" is
sourceless and has been removed.
The signal "mcs_1/U0/iomodule_0/IOModule_Core_I1/GPO_I3/gpo_io_i<1>" is
sourceless and has been removed.
The signal "mcs_1/U0/iomodule_0/IOModule_Core_I1/GPO_I3/gpo_io_i<0>" is
sourceless and has been removed.
The signal "mcs_1/U0/iomodule_0/IOModule_Core_I1/GPO_I4/gpo_io_i<31>" is
sourceless and has been removed.
The signal "mcs_1/U0/iomodule_0/IOModule_Core_I1/GPO_I4/gpo_io_i<30>" is
sourceless and has been removed.
The signal "mcs_1/U0/iomodule_0/IOModule_Core_I1/GPO_I4/gpo_io_i<29>" is
sourceless and has been removed.
The signal "mcs_1/U0/iomodule_0/IOModule_Core_I1/GPO_I4/gpo_io_i<28>" is
sourceless and has been removed.
The signal "mcs_1/U0/iomodule_0/IOModule_Core_I1/GPO_I4/gpo_io_i<27>" is
sourceless and has been removed.
The signal "mcs_1/U0/iomodule_0/IOModule_Core_I1/GPO_I4/gpo_io_i<26>" is
sourceless and has been removed.
The signal "mcs_1/U0/iomodule_0/IOModule_Core_I1/GPO_I4/gpo_io_i<25>" is
sourceless and has been removed.
The signal "mcs_1/U0/iomodule_0/IOModule_Core_I1/GPO_I4/gpo_io_i<24>" is
sourceless and has been removed.
The signal "mcs_1/U0/iomodule_0/IOModule_Core_I1/GPO_I4/gpo_io_i<23>" is
sourceless and has been removed.
The signal "mcs_1/U0/iomodule_0/IOModule_Core_I1/GPO_I4/gpo_io_i<22>" is
sourceless and has been removed.
The signal "mcs_1/U0/iomodule_0/IOModule_Core_I1/GPO_I4/gpo_io_i<21>" is
sourceless and has been removed.
The signal "mcs_1/U0/iomodule_0/IOModule_Core_I1/GPO_I4/gpo_io_i<20>" is
sourceless and has been removed.
The signal "mcs_1/U0/iomodule_0/IOModule_Core_I1/GPO_I4/gpo_io_i<19>" is
sourceless and has been removed.
The signal "mcs_1/U0/iomodule_0/IOModule_Core_I1/GPO_I4/gpo_io_i<18>" is
sourceless and has been removed.
The signal "mcs_1/U0/iomodule_0/IOModule_Core_I1/GPO_I4/gpo_io_i<17>" is
sourceless and has been removed.
The signal "mcs_1/U0/iomodule_0/IOModule_Core_I1/GPO_I4/gpo_io_i<16>" is
sourceless and has been removed.
The signal "mcs_1/U0/iomodule_0/IOModule_Core_I1/GPO_I4/gpo_io_i<15>" is
sourceless and has been removed.
The signal "mcs_1/U0/iomodule_0/IOModule_Core_I1/GPO_I4/gpo_io_i<14>" is
sourceless and has been removed.
The signal "mcs_1/U0/iomodule_0/IOModule_Core_I1/GPO_I4/gpo_io_i<13>" is
sourceless and has been removed.
The signal "mcs_1/U0/iomodule_0/IOModule_Core_I1/GPO_I4/gpo_io_i<12>" is
sourceless and has been removed.
The signal "mcs_1/U0/iomodule_0/IOModule_Core_I1/GPO_I4/gpo_io_i<11>" is
sourceless and has been removed.
The signal "mcs_1/U0/iomodule_0/IOModule_Core_I1/GPO_I4/gpo_io_i<10>" is
sourceless and has been removed.
The signal "mcs_1/U0/iomodule_0/IOModule_Core_I1/GPO_I4/gpo_io_i<9>" is
sourceless and has been removed.
The signal "mcs_1/U0/iomodule_0/IOModule_Core_I1/GPO_I4/gpo_io_i<8>" is
sourceless and has been removed.
The signal "mcs_1/U0/iomodule_0/IOModule_Core_I1/GPO_I4/gpo_io_i<7>" is
sourceless and has been removed.
The signal "mcs_1/U0/iomodule_0/IOModule_Core_I1/GPO_I4/gpo_io_i<6>" is
sourceless and has been removed.
The signal "mcs_1/U0/iomodule_0/IOModule_Core_I1/GPO_I4/gpo_io_i<5>" is
sourceless and has been removed.
The signal "mcs_1/U0/iomodule_0/IOModule_Core_I1/GPO_I4/gpo_io_i<4>" is
sourceless and has been removed.
The signal "mcs_1/U0/iomodule_0/IOModule_Core_I1/GPO_I4/gpo_io_i<3>" is
sourceless and has been removed.
The signal "mcs_1/U0/iomodule_0/IOModule_Core_I1/GPO_I4/gpo_io_i<2>" is
sourceless and has been removed.
The signal "mcs_1/U0/iomodule_0/IOModule_Core_I1/GPO_I4/gpo_io_i<1>" is
sourceless and has been removed.
The signal "mcs_1/U0/iomodule_0/IOModule_Core_I1/GPO_I4/gpo_io_i<0>" is
sourceless and has been removed.
The signal "mcs_1/UART_Interrupt" is sourceless and has been removed.
The signal "mcs_1/U0/filter_reset.reset_vec[2]_filter_reset.reset_vec[1]_OR_2_o"
is sourceless and has been removed.
The signal "mcs_1/U0/iomodule_0/gpo2_write" is sourceless and has been removed.
 Sourceless block "mcs_1/U0/iomodule_0/IOModule_Core_I1/GPO_I2/gpo_io_i_0" (SFF)
removed.
 Sourceless block "mcs_1/U0/iomodule_0/IOModule_Core_I1/GPO_I2/gpo_io_i_1" (SFF)
removed.
 Sourceless block "mcs_1/U0/iomodule_0/IOModule_Core_I1/GPO_I2/gpo_io_i_2" (SFF)
removed.
 Sourceless block "mcs_1/U0/iomodule_0/IOModule_Core_I1/GPO_I2/gpo_io_i_3" (SFF)
removed.
 Sourceless block "mcs_1/U0/iomodule_0/IOModule_Core_I1/GPO_I2/gpo_io_i_4" (SFF)
removed.
 Sourceless block "mcs_1/U0/iomodule_0/IOModule_Core_I1/GPO_I2/gpo_io_i_5" (SFF)
removed.
 Sourceless block "mcs_1/U0/iomodule_0/IOModule_Core_I1/GPO_I2/gpo_io_i_6" (SFF)
removed.
 Sourceless block "mcs_1/U0/iomodule_0/IOModule_Core_I1/GPO_I2/gpo_io_i_7" (SFF)
removed.
 Sourceless block "mcs_1/U0/iomodule_0/IOModule_Core_I1/GPO_I2/gpo_io_i_8" (SFF)
removed.
 Sourceless block "mcs_1/U0/iomodule_0/IOModule_Core_I1/GPO_I2/gpo_io_i_9" (SFF)
removed.
 Sourceless block "mcs_1/U0/iomodule_0/IOModule_Core_I1/GPO_I2/gpo_io_i_10" (SFF)
removed.
 Sourceless block "mcs_1/U0/iomodule_0/IOModule_Core_I1/GPO_I2/gpo_io_i_11" (SFF)
removed.
 Sourceless block "mcs_1/U0/iomodule_0/IOModule_Core_I1/GPO_I2/gpo_io_i_12" (SFF)
removed.
 Sourceless block "mcs_1/U0/iomodule_0/IOModule_Core_I1/GPO_I2/gpo_io_i_13" (SFF)
removed.
 Sourceless block "mcs_1/U0/iomodule_0/IOModule_Core_I1/GPO_I2/gpo_io_i_14" (SFF)
removed.
 Sourceless block "mcs_1/U0/iomodule_0/IOModule_Core_I1/GPO_I2/gpo_io_i_15" (SFF)
removed.
 Sourceless block "mcs_1/U0/iomodule_0/IOModule_Core_I1/GPO_I2/gpo_io_i_16" (SFF)
removed.
 Sourceless block "mcs_1/U0/iomodule_0/IOModule_Core_I1/GPO_I2/gpo_io_i_17" (SFF)
removed.
 Sourceless block "mcs_1/U0/iomodule_0/IOModule_Core_I1/GPO_I2/gpo_io_i_18" (SFF)
removed.
 Sourceless block "mcs_1/U0/iomodule_0/IOModule_Core_I1/GPO_I2/gpo_io_i_19" (SFF)
removed.
 Sourceless block "mcs_1/U0/iomodule_0/IOModule_Core_I1/GPO_I2/gpo_io_i_20" (SFF)
removed.
 Sourceless block "mcs_1/U0/iomodule_0/IOModule_Core_I1/GPO_I2/gpo_io_i_21" (SFF)
removed.
 Sourceless block "mcs_1/U0/iomodule_0/IOModule_Core_I1/GPO_I2/gpo_io_i_22" (SFF)
removed.
 Sourceless block "mcs_1/U0/iomodule_0/IOModule_Core_I1/GPO_I2/gpo_io_i_23" (SFF)
removed.
 Sourceless block "mcs_1/U0/iomodule_0/IOModule_Core_I1/GPO_I2/gpo_io_i_24" (SFF)
removed.
 Sourceless block "mcs_1/U0/iomodule_0/IOModule_Core_I1/GPO_I2/gpo_io_i_25" (SFF)
removed.
 Sourceless block "mcs_1/U0/iomodule_0/IOModule_Core_I1/GPO_I2/gpo_io_i_26" (SFF)
removed.
 Sourceless block "mcs_1/U0/iomodule_0/IOModule_Core_I1/GPO_I2/gpo_io_i_27" (SFF)
removed.
 Sourceless block "mcs_1/U0/iomodule_0/IOModule_Core_I1/GPO_I2/gpo_io_i_28" (SFF)
removed.
 Sourceless block "mcs_1/U0/iomodule_0/IOModule_Core_I1/GPO_I2/gpo_io_i_29" (SFF)
removed.
 Sourceless block "mcs_1/U0/iomodule_0/IOModule_Core_I1/GPO_I2/gpo_io_i_30" (SFF)
removed.
 Sourceless block "mcs_1/U0/iomodule_0/IOModule_Core_I1/GPO_I2/gpo_io_i_31" (SFF)
removed.
The signal "mcs_1/U0/iomodule_0/gpo3_write" is sourceless and has been removed.
 Sourceless block "mcs_1/U0/iomodule_0/IOModule_Core_I1/GPO_I3/gpo_io_i_0" (SFF)
removed.
 Sourceless block "mcs_1/U0/iomodule_0/IOModule_Core_I1/GPO_I3/gpo_io_i_1" (SFF)
removed.
 Sourceless block "mcs_1/U0/iomodule_0/IOModule_Core_I1/GPO_I3/gpo_io_i_2" (SFF)
removed.
 Sourceless block "mcs_1/U0/iomodule_0/IOModule_Core_I1/GPO_I3/gpo_io_i_3" (SFF)
removed.
 Sourceless block "mcs_1/U0/iomodule_0/IOModule_Core_I1/GPO_I3/gpo_io_i_4" (SFF)
removed.
 Sourceless block "mcs_1/U0/iomodule_0/IOModule_Core_I1/GPO_I3/gpo_io_i_5" (SFF)
removed.
 Sourceless block "mcs_1/U0/iomodule_0/IOModule_Core_I1/GPO_I3/gpo_io_i_6" (SFF)
removed.
 Sourceless block "mcs_1/U0/iomodule_0/IOModule_Core_I1/GPO_I3/gpo_io_i_7" (SFF)
removed.
 Sourceless block "mcs_1/U0/iomodule_0/IOModule_Core_I1/GPO_I3/gpo_io_i_8" (SFF)
removed.
 Sourceless block "mcs_1/U0/iomodule_0/IOModule_Core_I1/GPO_I3/gpo_io_i_9" (SFF)
removed.
 Sourceless block "mcs_1/U0/iomodule_0/IOModule_Core_I1/GPO_I3/gpo_io_i_10" (SFF)
removed.
 Sourceless block "mcs_1/U0/iomodule_0/IOModule_Core_I1/GPO_I3/gpo_io_i_11" (SFF)
removed.
 Sourceless block "mcs_1/U0/iomodule_0/IOModule_Core_I1/GPO_I3/gpo_io_i_12" (SFF)
removed.
 Sourceless block "mcs_1/U0/iomodule_0/IOModule_Core_I1/GPO_I3/gpo_io_i_13" (SFF)
removed.
 Sourceless block "mcs_1/U0/iomodule_0/IOModule_Core_I1/GPO_I3/gpo_io_i_14" (SFF)
removed.
 Sourceless block "mcs_1/U0/iomodule_0/IOModule_Core_I1/GPO_I3/gpo_io_i_15" (SFF)
removed.
 Sourceless block "mcs_1/U0/iomodule_0/IOModule_Core_I1/GPO_I3/gpo_io_i_16" (SFF)
removed.
 Sourceless block "mcs_1/U0/iomodule_0/IOModule_Core_I1/GPO_I3/gpo_io_i_17" (SFF)
removed.
 Sourceless block "mcs_1/U0/iomodule_0/IOModule_Core_I1/GPO_I3/gpo_io_i_18" (SFF)
removed.
 Sourceless block "mcs_1/U0/iomodule_0/IOModule_Core_I1/GPO_I3/gpo_io_i_19" (SFF)
removed.
 Sourceless block "mcs_1/U0/iomodule_0/IOModule_Core_I1/GPO_I3/gpo_io_i_20" (SFF)
removed.
 Sourceless block "mcs_1/U0/iomodule_0/IOModule_Core_I1/GPO_I3/gpo_io_i_21" (SFF)
removed.
 Sourceless block "mcs_1/U0/iomodule_0/IOModule_Core_I1/GPO_I3/gpo_io_i_22" (SFF)
removed.
 Sourceless block "mcs_1/U0/iomodule_0/IOModule_Core_I1/GPO_I3/gpo_io_i_23" (SFF)
removed.
 Sourceless block "mcs_1/U0/iomodule_0/IOModule_Core_I1/GPO_I3/gpo_io_i_24" (SFF)
removed.
 Sourceless block "mcs_1/U0/iomodule_0/IOModule_Core_I1/GPO_I3/gpo_io_i_25" (SFF)
removed.
 Sourceless block "mcs_1/U0/iomodule_0/IOModule_Core_I1/GPO_I3/gpo_io_i_26" (SFF)
removed.
 Sourceless block "mcs_1/U0/iomodule_0/IOModule_Core_I1/GPO_I3/gpo_io_i_27" (SFF)
removed.
 Sourceless block "mcs_1/U0/iomodule_0/IOModule_Core_I1/GPO_I3/gpo_io_i_28" (SFF)
removed.
 Sourceless block "mcs_1/U0/iomodule_0/IOModule_Core_I1/GPO_I3/gpo_io_i_29" (SFF)
removed.
 Sourceless block "mcs_1/U0/iomodule_0/IOModule_Core_I1/GPO_I3/gpo_io_i_30" (SFF)
removed.
 Sourceless block "mcs_1/U0/iomodule_0/IOModule_Core_I1/GPO_I3/gpo_io_i_31" (SFF)
removed.
The signal "mcs_1/U0/iomodule_0/gpo4_write" is sourceless and has been removed.
 Sourceless block "mcs_1/U0/iomodule_0/IOModule_Core_I1/GPO_I4/gpo_io_i_0" (SFF)
removed.
 Sourceless block "mcs_1/U0/iomodule_0/IOModule_Core_I1/GPO_I4/gpo_io_i_1" (SFF)
removed.
 Sourceless block "mcs_1/U0/iomodule_0/IOModule_Core_I1/GPO_I4/gpo_io_i_2" (SFF)
removed.
 Sourceless block "mcs_1/U0/iomodule_0/IOModule_Core_I1/GPO_I4/gpo_io_i_3" (SFF)
removed.
 Sourceless block "mcs_1/U0/iomodule_0/IOModule_Core_I1/GPO_I4/gpo_io_i_4" (SFF)
removed.
 Sourceless block "mcs_1/U0/iomodule_0/IOModule_Core_I1/GPO_I4/gpo_io_i_5" (SFF)
removed.
 Sourceless block "mcs_1/U0/iomodule_0/IOModule_Core_I1/GPO_I4/gpo_io_i_6" (SFF)
removed.
 Sourceless block "mcs_1/U0/iomodule_0/IOModule_Core_I1/GPO_I4/gpo_io_i_7" (SFF)
removed.
 Sourceless block "mcs_1/U0/iomodule_0/IOModule_Core_I1/GPO_I4/gpo_io_i_8" (SFF)
removed.
 Sourceless block "mcs_1/U0/iomodule_0/IOModule_Core_I1/GPO_I4/gpo_io_i_9" (SFF)
removed.
 Sourceless block "mcs_1/U0/iomodule_0/IOModule_Core_I1/GPO_I4/gpo_io_i_10" (SFF)
removed.
 Sourceless block "mcs_1/U0/iomodule_0/IOModule_Core_I1/GPO_I4/gpo_io_i_11" (SFF)
removed.
 Sourceless block "mcs_1/U0/iomodule_0/IOModule_Core_I1/GPO_I4/gpo_io_i_12" (SFF)
removed.
 Sourceless block "mcs_1/U0/iomodule_0/IOModule_Core_I1/GPO_I4/gpo_io_i_13" (SFF)
removed.
 Sourceless block "mcs_1/U0/iomodule_0/IOModule_Core_I1/GPO_I4/gpo_io_i_14" (SFF)
removed.
 Sourceless block "mcs_1/U0/iomodule_0/IOModule_Core_I1/GPO_I4/gpo_io_i_15" (SFF)
removed.
 Sourceless block "mcs_1/U0/iomodule_0/IOModule_Core_I1/GPO_I4/gpo_io_i_16" (SFF)
removed.
 Sourceless block "mcs_1/U0/iomodule_0/IOModule_Core_I1/GPO_I4/gpo_io_i_17" (SFF)
removed.
 Sourceless block "mcs_1/U0/iomodule_0/IOModule_Core_I1/GPO_I4/gpo_io_i_18" (SFF)
removed.
 Sourceless block "mcs_1/U0/iomodule_0/IOModule_Core_I1/GPO_I4/gpo_io_i_19" (SFF)
removed.
 Sourceless block "mcs_1/U0/iomodule_0/IOModule_Core_I1/GPO_I4/gpo_io_i_20" (SFF)
removed.
 Sourceless block "mcs_1/U0/iomodule_0/IOModule_Core_I1/GPO_I4/gpo_io_i_21" (SFF)
removed.
 Sourceless block "mcs_1/U0/iomodule_0/IOModule_Core_I1/GPO_I4/gpo_io_i_22" (SFF)
removed.
 Sourceless block "mcs_1/U0/iomodule_0/IOModule_Core_I1/GPO_I4/gpo_io_i_23" (SFF)
removed.
 Sourceless block "mcs_1/U0/iomodule_0/IOModule_Core_I1/GPO_I4/gpo_io_i_24" (SFF)
removed.
 Sourceless block "mcs_1/U0/iomodule_0/IOModule_Core_I1/GPO_I4/gpo_io_i_25" (SFF)
removed.
 Sourceless block "mcs_1/U0/iomodule_0/IOModule_Core_I1/GPO_I4/gpo_io_i_26" (SFF)
removed.
 Sourceless block "mcs_1/U0/iomodule_0/IOModule_Core_I1/GPO_I4/gpo_io_i_27" (SFF)
removed.
 Sourceless block "mcs_1/U0/iomodule_0/IOModule_Core_I1/GPO_I4/gpo_io_i_28" (SFF)
removed.
 Sourceless block "mcs_1/U0/iomodule_0/IOModule_Core_I1/GPO_I4/gpo_io_i_29" (SFF)
removed.
 Sourceless block "mcs_1/U0/iomodule_0/IOModule_Core_I1/GPO_I4/gpo_io_i_30" (SFF)
removed.
 Sourceless block "mcs_1/U0/iomodule_0/IOModule_Core_I1/GPO_I4/gpo_io_i_31" (SFF)
removed.
The signal "mcs_1/U0/iomodule_0/IOModule_Core_I1/GPI_I4/GPI_Read_inv" is
sourceless and has been removed.
The signal "mcs_1/U0/iomodule_0/IOModule_Core_I1/GPI_I3/GPI_Read_inv" is
sourceless and has been removed.
The signal "mcs_1/U0/iomodule_0/IOModule_Core_I1/GPI_I2/GPI_Read_inv" is
sourceless and has been removed.
The signal
"mcs_1/U0/microblaze_I/MicroBlaze_Core_I/Area.Decode_I/iFetch_In_Progress_n" is
sourceless and has been removed.
 Sourceless block
"mcs_1/U0/microblaze_I/MicroBlaze_Core_I/Area.Decode_I/Using_FPGA.iFetch_MuxCY_3
" (MUX) removed.
  The signal
"mcs_1/U0/microblaze_I/MicroBlaze_Core_I/Area.Decode_I/Using_FPGA.iFetch_MuxCY_3
/O" is sourceless and has been removed.
   Sourceless block
"mcs_1/U0/microblaze_I/MicroBlaze_Core_I/Area.Decode_I/Using_FPGA.iFetch_MuxCY_3
/MUXCY_L_BUF" (BUF) removed.
    The signal
"mcs_1/U0/microblaze_I/MicroBlaze_Core_I/Area.Decode_I/Using_FPGA.iFetch_MuxCY_3
/LO" is sourceless and has been removed.
The signal
"mcs_1/U0/iomodule_0/IOModule_Core_I1/Using_UART.Uart_Control_Status_I1/error_in
terrupt" is sourceless and has been removed.
 Sourceless block
"mcs_1/U0/iomodule_0/IOModule_Core_I1/Using_UART.Uart_Control_Status_I1/UART_Int
errupt1" (ROM) removed.
The signal
"mcs_1/U0/iomodule_0/IOModule_Core_I1/Using_UART.Uart_Control_Status_I1/error_in
terrupt_glue_set" is sourceless and has been removed.
 Sourceless block
"mcs_1/U0/iomodule_0/IOModule_Core_I1/Using_UART.Uart_Control_Status_I1/error_in
terrupt" (SFF) removed.
The signal
"mcs_1/U0/microblaze_I/MicroBlaze_Core_I/Area.Data_Flow_I/PC_Module_I/Using_FPGA
.Not_All_Bits.PC_GEN[16].PC_Bit_I/MUXCY_X/O" is sourceless and has been removed.
 Sourceless block
"mcs_1/U0/microblaze_I/MicroBlaze_Core_I/Area.Data_Flow_I/PC_Module_I/Using_FPGA
.Not_All_Bits.PC_GEN[16].PC_Bit_I/MUXCY_X/MUXCY_L_BUF" (BUF) removed.
  The signal
"mcs_1/U0/microblaze_I/MicroBlaze_Core_I/Area.Data_Flow_I/PC_Module_I/Using_FPGA
.Not_All_Bits.PC_GEN[16].PC_Bit_I/MUXCY_X/LO" is sourceless and has been
removed.
The signal
"mcs_1/U0/microblaze_I/MicroBlaze_Core_I/Area.Decode_I/PreFetch_Buffer_I/Using_F
PGA.Buffer_DFFs[1].buffer_Addr_MUXCY_L/O" is sourceless and has been removed.
 Sourceless block
"mcs_1/U0/microblaze_I/MicroBlaze_Core_I/Area.Decode_I/PreFetch_Buffer_I/Using_F
PGA.Buffer_DFFs[1].buffer_Addr_MUXCY_L/MUXCY_L_BUF" (BUF) removed.
  The signal
"mcs_1/U0/microblaze_I/MicroBlaze_Core_I/Area.Decode_I/PreFetch_Buffer_I/Using_F
PGA.Buffer_DFFs[1].buffer_Addr_MUXCY_L/LO" is sourceless and has been removed.
The signal "mcs_0/U0/iomodule_0/IOModule_Core_I1/GPO_I1/gpo_io_i<31>" is
sourceless and has been removed.
The signal "mcs_0/U0/iomodule_0/IOModule_Core_I1/GPO_I1/gpo_io_i<30>" is
sourceless and has been removed.
The signal "mcs_0/U0/iomodule_0/IOModule_Core_I1/GPO_I1/gpo_io_i<29>" is
sourceless and has been removed.
The signal "mcs_0/U0/iomodule_0/IOModule_Core_I1/GPO_I1/gpo_io_i<28>" is
sourceless and has been removed.
The signal "mcs_0/U0/iomodule_0/IOModule_Core_I1/GPO_I1/gpo_io_i<27>" is
sourceless and has been removed.
The signal "mcs_0/U0/iomodule_0/IOModule_Core_I1/GPO_I1/gpo_io_i<26>" is
sourceless and has been removed.
The signal "mcs_0/U0/iomodule_0/IOModule_Core_I1/GPO_I1/gpo_io_i<25>" is
sourceless and has been removed.
The signal "mcs_0/U0/iomodule_0/IOModule_Core_I1/GPO_I1/gpo_io_i<24>" is
sourceless and has been removed.
The signal "mcs_0/U0/iomodule_0/IOModule_Core_I1/GPO_I1/gpo_io_i<23>" is
sourceless and has been removed.
The signal "mcs_0/U0/iomodule_0/IOModule_Core_I1/GPO_I1/gpo_io_i<22>" is
sourceless and has been removed.
The signal "mcs_0/U0/iomodule_0/IOModule_Core_I1/GPO_I1/gpo_io_i<21>" is
sourceless and has been removed.
The signal "mcs_0/U0/iomodule_0/IOModule_Core_I1/GPO_I1/gpo_io_i<20>" is
sourceless and has been removed.
The signal "mcs_0/U0/iomodule_0/IOModule_Core_I1/GPO_I1/gpo_io_i<19>" is
sourceless and has been removed.
The signal "mcs_0/U0/iomodule_0/IOModule_Core_I1/GPO_I1/gpo_io_i<18>" is
sourceless and has been removed.
The signal "mcs_0/U0/iomodule_0/IOModule_Core_I1/GPO_I1/gpo_io_i<17>" is
sourceless and has been removed.
The signal "mcs_0/U0/iomodule_0/IOModule_Core_I1/GPO_I1/gpo_io_i<16>" is
sourceless and has been removed.
The signal "mcs_0/U0/iomodule_0/IOModule_Core_I1/GPO_I1/gpo_io_i<15>" is
sourceless and has been removed.
The signal "mcs_0/U0/iomodule_0/IOModule_Core_I1/GPO_I1/gpo_io_i<14>" is
sourceless and has been removed.
The signal "mcs_0/U0/iomodule_0/IOModule_Core_I1/GPO_I1/gpo_io_i<13>" is
sourceless and has been removed.
The signal "mcs_0/U0/iomodule_0/IOModule_Core_I1/GPO_I1/gpo_io_i<12>" is
sourceless and has been removed.
The signal "mcs_0/U0/iomodule_0/IOModule_Core_I1/GPO_I1/gpo_io_i<11>" is
sourceless and has been removed.
The signal "mcs_0/U0/iomodule_0/IOModule_Core_I1/GPO_I1/gpo_io_i<10>" is
sourceless and has been removed.
The signal "mcs_0/U0/iomodule_0/IOModule_Core_I1/GPO_I1/gpo_io_i<9>" is
sourceless and has been removed.
The signal "mcs_0/U0/iomodule_0/IOModule_Core_I1/GPO_I2/gpo_io_i<31>" is
sourceless and has been removed.
The signal "mcs_0/U0/iomodule_0/IOModule_Core_I1/GPO_I2/gpo_io_i<30>" is
sourceless and has been removed.
The signal "mcs_0/U0/iomodule_0/IOModule_Core_I1/GPO_I2/gpo_io_i<29>" is
sourceless and has been removed.
The signal "mcs_0/U0/iomodule_0/IOModule_Core_I1/GPO_I2/gpo_io_i<28>" is
sourceless and has been removed.
The signal "mcs_0/U0/iomodule_0/IOModule_Core_I1/GPO_I2/gpo_io_i<27>" is
sourceless and has been removed.
The signal "mcs_0/U0/iomodule_0/IOModule_Core_I1/GPO_I2/gpo_io_i<26>" is
sourceless and has been removed.
The signal "mcs_0/U0/iomodule_0/IOModule_Core_I1/GPO_I2/gpo_io_i<25>" is
sourceless and has been removed.
The signal "mcs_0/U0/iomodule_0/IOModule_Core_I1/GPO_I2/gpo_io_i<24>" is
sourceless and has been removed.
The signal "mcs_0/U0/iomodule_0/IOModule_Core_I1/GPO_I2/gpo_io_i<23>" is
sourceless and has been removed.
The signal "mcs_0/U0/iomodule_0/IOModule_Core_I1/GPO_I2/gpo_io_i<22>" is
sourceless and has been removed.
The signal "mcs_0/U0/iomodule_0/IOModule_Core_I1/GPO_I2/gpo_io_i<21>" is
sourceless and has been removed.
The signal "mcs_0/U0/iomodule_0/IOModule_Core_I1/GPO_I2/gpo_io_i<20>" is
sourceless and has been removed.
The signal "mcs_0/U0/iomodule_0/IOModule_Core_I1/GPO_I2/gpo_io_i<19>" is
sourceless and has been removed.
The signal "mcs_0/U0/iomodule_0/IOModule_Core_I1/GPO_I2/gpo_io_i<18>" is
sourceless and has been removed.
The signal "mcs_0/U0/iomodule_0/IOModule_Core_I1/GPO_I2/gpo_io_i<17>" is
sourceless and has been removed.
The signal "mcs_0/U0/iomodule_0/IOModule_Core_I1/GPO_I2/gpo_io_i<16>" is
sourceless and has been removed.
The signal "mcs_0/U0/iomodule_0/IOModule_Core_I1/GPO_I2/gpo_io_i<15>" is
sourceless and has been removed.
The signal "mcs_0/U0/iomodule_0/IOModule_Core_I1/GPO_I2/gpo_io_i<14>" is
sourceless and has been removed.
The signal "mcs_0/U0/iomodule_0/IOModule_Core_I1/GPO_I2/gpo_io_i<13>" is
sourceless and has been removed.
The signal "mcs_0/U0/iomodule_0/IOModule_Core_I1/GPO_I2/gpo_io_i<12>" is
sourceless and has been removed.
The signal "mcs_0/U0/iomodule_0/IOModule_Core_I1/GPO_I2/gpo_io_i<11>" is
sourceless and has been removed.
The signal "mcs_0/U0/iomodule_0/IOModule_Core_I1/GPO_I2/gpo_io_i<10>" is
sourceless and has been removed.
The signal "mcs_0/U0/iomodule_0/IOModule_Core_I1/GPO_I2/gpo_io_i<9>" is
sourceless and has been removed.
The signal "mcs_0/U0/iomodule_0/IOModule_Core_I1/GPO_I2/gpo_io_i<8>" is
sourceless and has been removed.
The signal "mcs_0/U0/iomodule_0/IOModule_Core_I1/GPO_I2/gpo_io_i<7>" is
sourceless and has been removed.
The signal "mcs_0/U0/iomodule_0/IOModule_Core_I1/GPO_I2/gpo_io_i<6>" is
sourceless and has been removed.
The signal "mcs_0/U0/iomodule_0/IOModule_Core_I1/GPO_I2/gpo_io_i<5>" is
sourceless and has been removed.
The signal "mcs_0/U0/iomodule_0/IOModule_Core_I1/GPO_I2/gpo_io_i<4>" is
sourceless and has been removed.
The signal "mcs_0/U0/iomodule_0/IOModule_Core_I1/GPO_I2/gpo_io_i<3>" is
sourceless and has been removed.
The signal "mcs_0/U0/iomodule_0/IOModule_Core_I1/GPO_I2/gpo_io_i<2>" is
sourceless and has been removed.
The signal "mcs_0/U0/iomodule_0/IOModule_Core_I1/GPO_I2/gpo_io_i<1>" is
sourceless and has been removed.
The signal "mcs_0/U0/iomodule_0/IOModule_Core_I1/GPO_I2/gpo_io_i<0>" is
sourceless and has been removed.
The signal "mcs_0/U0/iomodule_0/IOModule_Core_I1/GPO_I3/gpo_io_i<31>" is
sourceless and has been removed.
The signal "mcs_0/U0/iomodule_0/IOModule_Core_I1/GPO_I3/gpo_io_i<30>" is
sourceless and has been removed.
The signal "mcs_0/U0/iomodule_0/IOModule_Core_I1/GPO_I3/gpo_io_i<29>" is
sourceless and has been removed.
The signal "mcs_0/U0/iomodule_0/IOModule_Core_I1/GPO_I3/gpo_io_i<28>" is
sourceless and has been removed.
The signal "mcs_0/U0/iomodule_0/IOModule_Core_I1/GPO_I3/gpo_io_i<27>" is
sourceless and has been removed.
The signal "mcs_0/U0/iomodule_0/IOModule_Core_I1/GPO_I3/gpo_io_i<26>" is
sourceless and has been removed.
The signal "mcs_0/U0/iomodule_0/IOModule_Core_I1/GPO_I3/gpo_io_i<25>" is
sourceless and has been removed.
The signal "mcs_0/U0/iomodule_0/IOModule_Core_I1/GPO_I3/gpo_io_i<24>" is
sourceless and has been removed.
The signal "mcs_0/U0/iomodule_0/IOModule_Core_I1/GPO_I3/gpo_io_i<23>" is
sourceless and has been removed.
The signal "mcs_0/U0/iomodule_0/IOModule_Core_I1/GPO_I3/gpo_io_i<22>" is
sourceless and has been removed.
The signal "mcs_0/U0/iomodule_0/IOModule_Core_I1/GPO_I3/gpo_io_i<21>" is
sourceless and has been removed.
The signal "mcs_0/U0/iomodule_0/IOModule_Core_I1/GPO_I3/gpo_io_i<20>" is
sourceless and has been removed.
The signal "mcs_0/U0/iomodule_0/IOModule_Core_I1/GPO_I3/gpo_io_i<19>" is
sourceless and has been removed.
The signal "mcs_0/U0/iomodule_0/IOModule_Core_I1/GPO_I3/gpo_io_i<18>" is
sourceless and has been removed.
The signal "mcs_0/U0/iomodule_0/IOModule_Core_I1/GPO_I3/gpo_io_i<17>" is
sourceless and has been removed.
The signal "mcs_0/U0/iomodule_0/IOModule_Core_I1/GPO_I3/gpo_io_i<16>" is
sourceless and has been removed.
The signal "mcs_0/U0/iomodule_0/IOModule_Core_I1/GPO_I3/gpo_io_i<15>" is
sourceless and has been removed.
The signal "mcs_0/U0/iomodule_0/IOModule_Core_I1/GPO_I3/gpo_io_i<14>" is
sourceless and has been removed.
The signal "mcs_0/U0/iomodule_0/IOModule_Core_I1/GPO_I3/gpo_io_i<13>" is
sourceless and has been removed.
The signal "mcs_0/U0/iomodule_0/IOModule_Core_I1/GPO_I3/gpo_io_i<12>" is
sourceless and has been removed.
The signal "mcs_0/U0/iomodule_0/IOModule_Core_I1/GPO_I3/gpo_io_i<11>" is
sourceless and has been removed.
The signal "mcs_0/U0/iomodule_0/IOModule_Core_I1/GPO_I3/gpo_io_i<10>" is
sourceless and has been removed.
The signal "mcs_0/U0/iomodule_0/IOModule_Core_I1/GPO_I3/gpo_io_i<9>" is
sourceless and has been removed.
The signal "mcs_0/U0/iomodule_0/IOModule_Core_I1/GPO_I3/gpo_io_i<8>" is
sourceless and has been removed.
The signal "mcs_0/U0/iomodule_0/IOModule_Core_I1/GPO_I3/gpo_io_i<7>" is
sourceless and has been removed.
The signal "mcs_0/U0/iomodule_0/IOModule_Core_I1/GPO_I3/gpo_io_i<6>" is
sourceless and has been removed.
The signal "mcs_0/U0/iomodule_0/IOModule_Core_I1/GPO_I3/gpo_io_i<5>" is
sourceless and has been removed.
The signal "mcs_0/U0/iomodule_0/IOModule_Core_I1/GPO_I3/gpo_io_i<4>" is
sourceless and has been removed.
The signal "mcs_0/U0/iomodule_0/IOModule_Core_I1/GPO_I3/gpo_io_i<3>" is
sourceless and has been removed.
The signal "mcs_0/U0/iomodule_0/IOModule_Core_I1/GPO_I3/gpo_io_i<2>" is
sourceless and has been removed.
The signal "mcs_0/U0/iomodule_0/IOModule_Core_I1/GPO_I3/gpo_io_i<1>" is
sourceless and has been removed.
The signal "mcs_0/U0/iomodule_0/IOModule_Core_I1/GPO_I3/gpo_io_i<0>" is
sourceless and has been removed.
The signal "mcs_0/U0/LMB_Rst" is sourceless and has been removed.
 Sourceless block "mcs_0/U0/iomodule_0/IOModule_Core_I1/GPO_I1/gpo_io_i_9" (SFF)
removed.
 Sourceless block "mcs_0/U0/iomodule_0/IOModule_Core_I1/GPO_I1/gpo_io_i_10" (SFF)
removed.
 Sourceless block "mcs_0/U0/iomodule_0/IOModule_Core_I1/GPO_I1/gpo_io_i_11" (SFF)
removed.
 Sourceless block "mcs_0/U0/iomodule_0/IOModule_Core_I1/GPO_I1/gpo_io_i_12" (SFF)
removed.
 Sourceless block "mcs_0/U0/iomodule_0/IOModule_Core_I1/GPO_I1/gpo_io_i_13" (SFF)
removed.
 Sourceless block "mcs_0/U0/iomodule_0/IOModule_Core_I1/GPO_I1/gpo_io_i_14" (SFF)
removed.
 Sourceless block "mcs_0/U0/iomodule_0/IOModule_Core_I1/GPO_I1/gpo_io_i_15" (SFF)
removed.
 Sourceless block "mcs_0/U0/iomodule_0/IOModule_Core_I1/GPO_I1/gpo_io_i_16" (SFF)
removed.
 Sourceless block "mcs_0/U0/iomodule_0/IOModule_Core_I1/GPO_I1/gpo_io_i_17" (SFF)
removed.
 Sourceless block "mcs_0/U0/iomodule_0/IOModule_Core_I1/GPO_I1/gpo_io_i_18" (SFF)
removed.
 Sourceless block "mcs_0/U0/iomodule_0/IOModule_Core_I1/GPO_I1/gpo_io_i_19" (SFF)
removed.
 Sourceless block "mcs_0/U0/iomodule_0/IOModule_Core_I1/GPO_I1/gpo_io_i_20" (SFF)
removed.
 Sourceless block "mcs_0/U0/iomodule_0/IOModule_Core_I1/GPO_I1/gpo_io_i_21" (SFF)
removed.
 Sourceless block "mcs_0/U0/iomodule_0/IOModule_Core_I1/GPO_I1/gpo_io_i_22" (SFF)
removed.
 Sourceless block "mcs_0/U0/iomodule_0/IOModule_Core_I1/GPO_I1/gpo_io_i_23" (SFF)
removed.
 Sourceless block "mcs_0/U0/iomodule_0/IOModule_Core_I1/GPO_I1/gpo_io_i_24" (SFF)
removed.
 Sourceless block "mcs_0/U0/iomodule_0/IOModule_Core_I1/GPO_I1/gpo_io_i_25" (SFF)
removed.
 Sourceless block "mcs_0/U0/iomodule_0/IOModule_Core_I1/GPO_I1/gpo_io_i_26" (SFF)
removed.
 Sourceless block "mcs_0/U0/iomodule_0/IOModule_Core_I1/GPO_I1/gpo_io_i_27" (SFF)
removed.
 Sourceless block "mcs_0/U0/iomodule_0/IOModule_Core_I1/GPO_I1/gpo_io_i_28" (SFF)
removed.
 Sourceless block "mcs_0/U0/iomodule_0/IOModule_Core_I1/GPO_I1/gpo_io_i_29" (SFF)
removed.
 Sourceless block "mcs_0/U0/iomodule_0/IOModule_Core_I1/GPO_I1/gpo_io_i_30" (SFF)
removed.
 Sourceless block "mcs_0/U0/iomodule_0/IOModule_Core_I1/GPO_I1/gpo_io_i_31" (SFF)
removed.
 Sourceless block "mcs_0/U0/iomodule_0/IOModule_Core_I1/GPO_I2/gpo_io_i_0" (SFF)
removed.
 Sourceless block "mcs_0/U0/iomodule_0/IOModule_Core_I1/GPO_I2/gpo_io_i_1" (SFF)
removed.
 Sourceless block "mcs_0/U0/iomodule_0/IOModule_Core_I1/GPO_I2/gpo_io_i_2" (SFF)
removed.
 Sourceless block "mcs_0/U0/iomodule_0/IOModule_Core_I1/GPO_I2/gpo_io_i_3" (SFF)
removed.
 Sourceless block "mcs_0/U0/iomodule_0/IOModule_Core_I1/GPO_I2/gpo_io_i_4" (SFF)
removed.
 Sourceless block "mcs_0/U0/iomodule_0/IOModule_Core_I1/GPO_I2/gpo_io_i_5" (SFF)
removed.
 Sourceless block "mcs_0/U0/iomodule_0/IOModule_Core_I1/GPO_I2/gpo_io_i_6" (SFF)
removed.
 Sourceless block "mcs_0/U0/iomodule_0/IOModule_Core_I1/GPO_I2/gpo_io_i_7" (SFF)
removed.
 Sourceless block "mcs_0/U0/iomodule_0/IOModule_Core_I1/GPO_I2/gpo_io_i_8" (SFF)
removed.
 Sourceless block "mcs_0/U0/iomodule_0/IOModule_Core_I1/GPO_I2/gpo_io_i_9" (SFF)
removed.
 Sourceless block "mcs_0/U0/iomodule_0/IOModule_Core_I1/GPO_I2/gpo_io_i_10" (SFF)
removed.
 Sourceless block "mcs_0/U0/iomodule_0/IOModule_Core_I1/GPO_I2/gpo_io_i_11" (SFF)
removed.
 Sourceless block "mcs_0/U0/iomodule_0/IOModule_Core_I1/GPO_I2/gpo_io_i_12" (SFF)
removed.
 Sourceless block "mcs_0/U0/iomodule_0/IOModule_Core_I1/GPO_I2/gpo_io_i_13" (SFF)
removed.
 Sourceless block "mcs_0/U0/iomodule_0/IOModule_Core_I1/GPO_I2/gpo_io_i_14" (SFF)
removed.
 Sourceless block "mcs_0/U0/iomodule_0/IOModule_Core_I1/GPO_I2/gpo_io_i_15" (SFF)
removed.
 Sourceless block "mcs_0/U0/iomodule_0/IOModule_Core_I1/GPO_I2/gpo_io_i_16" (SFF)
removed.
 Sourceless block "mcs_0/U0/iomodule_0/IOModule_Core_I1/GPO_I2/gpo_io_i_17" (SFF)
removed.
 Sourceless block "mcs_0/U0/iomodule_0/IOModule_Core_I1/GPO_I2/gpo_io_i_18" (SFF)
removed.
 Sourceless block "mcs_0/U0/iomodule_0/IOModule_Core_I1/GPO_I2/gpo_io_i_19" (SFF)
removed.
 Sourceless block "mcs_0/U0/iomodule_0/IOModule_Core_I1/GPO_I2/gpo_io_i_20" (SFF)
removed.
 Sourceless block "mcs_0/U0/iomodule_0/IOModule_Core_I1/GPO_I2/gpo_io_i_21" (SFF)
removed.
 Sourceless block "mcs_0/U0/iomodule_0/IOModule_Core_I1/GPO_I2/gpo_io_i_22" (SFF)
removed.
 Sourceless block "mcs_0/U0/iomodule_0/IOModule_Core_I1/GPO_I2/gpo_io_i_23" (SFF)
removed.
 Sourceless block "mcs_0/U0/iomodule_0/IOModule_Core_I1/GPO_I2/gpo_io_i_24" (SFF)
removed.
 Sourceless block "mcs_0/U0/iomodule_0/IOModule_Core_I1/GPO_I2/gpo_io_i_25" (SFF)
removed.
 Sourceless block "mcs_0/U0/iomodule_0/IOModule_Core_I1/GPO_I2/gpo_io_i_26" (SFF)
removed.
 Sourceless block "mcs_0/U0/iomodule_0/IOModule_Core_I1/GPO_I2/gpo_io_i_27" (SFF)
removed.
 Sourceless block "mcs_0/U0/iomodule_0/IOModule_Core_I1/GPO_I2/gpo_io_i_28" (SFF)
removed.
 Sourceless block "mcs_0/U0/iomodule_0/IOModule_Core_I1/GPO_I2/gpo_io_i_29" (SFF)
removed.
 Sourceless block "mcs_0/U0/iomodule_0/IOModule_Core_I1/GPO_I2/gpo_io_i_30" (SFF)
removed.
 Sourceless block "mcs_0/U0/iomodule_0/IOModule_Core_I1/GPO_I2/gpo_io_i_31" (SFF)
removed.
 Sourceless block "mcs_0/U0/iomodule_0/IOModule_Core_I1/GPO_I3/gpo_io_i_0" (SFF)
removed.
 Sourceless block "mcs_0/U0/iomodule_0/IOModule_Core_I1/GPO_I3/gpo_io_i_1" (SFF)
removed.
 Sourceless block "mcs_0/U0/iomodule_0/IOModule_Core_I1/GPO_I3/gpo_io_i_2" (SFF)
removed.
 Sourceless block "mcs_0/U0/iomodule_0/IOModule_Core_I1/GPO_I3/gpo_io_i_3" (SFF)
removed.
 Sourceless block "mcs_0/U0/iomodule_0/IOModule_Core_I1/GPO_I3/gpo_io_i_4" (SFF)
removed.
 Sourceless block "mcs_0/U0/iomodule_0/IOModule_Core_I1/GPO_I3/gpo_io_i_5" (SFF)
removed.
 Sourceless block "mcs_0/U0/iomodule_0/IOModule_Core_I1/GPO_I3/gpo_io_i_6" (SFF)
removed.
 Sourceless block "mcs_0/U0/iomodule_0/IOModule_Core_I1/GPO_I3/gpo_io_i_7" (SFF)
removed.
 Sourceless block "mcs_0/U0/iomodule_0/IOModule_Core_I1/GPO_I3/gpo_io_i_8" (SFF)
removed.
 Sourceless block "mcs_0/U0/iomodule_0/IOModule_Core_I1/GPO_I3/gpo_io_i_9" (SFF)
removed.
 Sourceless block "mcs_0/U0/iomodule_0/IOModule_Core_I1/GPO_I3/gpo_io_i_10" (SFF)
removed.
 Sourceless block "mcs_0/U0/iomodule_0/IOModule_Core_I1/GPO_I3/gpo_io_i_11" (SFF)
removed.
 Sourceless block "mcs_0/U0/iomodule_0/IOModule_Core_I1/GPO_I3/gpo_io_i_12" (SFF)
removed.
 Sourceless block "mcs_0/U0/iomodule_0/IOModule_Core_I1/GPO_I3/gpo_io_i_13" (SFF)
removed.
 Sourceless block "mcs_0/U0/iomodule_0/IOModule_Core_I1/GPO_I3/gpo_io_i_14" (SFF)
removed.
 Sourceless block "mcs_0/U0/iomodule_0/IOModule_Core_I1/GPO_I3/gpo_io_i_15" (SFF)
removed.
 Sourceless block "mcs_0/U0/iomodule_0/IOModule_Core_I1/GPO_I3/gpo_io_i_16" (SFF)
removed.
 Sourceless block "mcs_0/U0/iomodule_0/IOModule_Core_I1/GPO_I3/gpo_io_i_17" (SFF)
removed.
 Sourceless block "mcs_0/U0/iomodule_0/IOModule_Core_I1/GPO_I3/gpo_io_i_18" (SFF)
removed.
 Sourceless block "mcs_0/U0/iomodule_0/IOModule_Core_I1/GPO_I3/gpo_io_i_19" (SFF)
removed.
 Sourceless block "mcs_0/U0/iomodule_0/IOModule_Core_I1/GPO_I3/gpo_io_i_20" (SFF)
removed.
 Sourceless block "mcs_0/U0/iomodule_0/IOModule_Core_I1/GPO_I3/gpo_io_i_21" (SFF)
removed.
 Sourceless block "mcs_0/U0/iomodule_0/IOModule_Core_I1/GPO_I3/gpo_io_i_22" (SFF)
removed.
 Sourceless block "mcs_0/U0/iomodule_0/IOModule_Core_I1/GPO_I3/gpo_io_i_23" (SFF)
removed.
 Sourceless block "mcs_0/U0/iomodule_0/IOModule_Core_I1/GPO_I3/gpo_io_i_24" (SFF)
removed.
 Sourceless block "mcs_0/U0/iomodule_0/IOModule_Core_I1/GPO_I3/gpo_io_i_25" (SFF)
removed.
 Sourceless block "mcs_0/U0/iomodule_0/IOModule_Core_I1/GPO_I3/gpo_io_i_26" (SFF)
removed.
 Sourceless block "mcs_0/U0/iomodule_0/IOModule_Core_I1/GPO_I3/gpo_io_i_27" (SFF)
removed.
 Sourceless block "mcs_0/U0/iomodule_0/IOModule_Core_I1/GPO_I3/gpo_io_i_28" (SFF)
removed.
 Sourceless block "mcs_0/U0/iomodule_0/IOModule_Core_I1/GPO_I3/gpo_io_i_29" (SFF)
removed.
 Sourceless block "mcs_0/U0/iomodule_0/IOModule_Core_I1/GPO_I3/gpo_io_i_30" (SFF)
removed.
 Sourceless block "mcs_0/U0/iomodule_0/IOModule_Core_I1/GPO_I3/gpo_io_i_31" (SFF)
removed.
The signal "mcs_0/U0/filter_reset.reset_vec[2]_filter_reset.reset_vec[1]_OR_2_o"
is sourceless and has been removed.
The signal "mcs_0/U0/iomodule_0/gpo2_write" is sourceless and has been removed.
The signal "mcs_0/U0/iomodule_0/gpo3_write" is sourceless and has been removed.
The signal "mcs_0/U0/iomodule_0/IOModule_Core_I1/intr_ctrl_I1/rst_cipr_rd" is
sourceless and has been removed.
The signal
"mcs_0/U0/microblaze_I/MicroBlaze_Core_I/Area.Decode_I/iFetch_In_Progress_n" is
sourceless and has been removed.
 Sourceless block
"mcs_0/U0/microblaze_I/MicroBlaze_Core_I/Area.Decode_I/Using_FPGA.iFetch_MuxCY_3
" (MUX) removed.
  The signal
"mcs_0/U0/microblaze_I/MicroBlaze_Core_I/Area.Decode_I/Using_FPGA.iFetch_MuxCY_3
/O" is sourceless and has been removed.
   Sourceless block
"mcs_0/U0/microblaze_I/MicroBlaze_Core_I/Area.Decode_I/Using_FPGA.iFetch_MuxCY_3
/MUXCY_L_BUF" (BUF) removed.
    The signal
"mcs_0/U0/microblaze_I/MicroBlaze_Core_I/Area.Decode_I/Using_FPGA.iFetch_MuxCY_3
/LO" is sourceless and has been removed.
The signal "mcs_0/U0/iomodule_0/uart_tx_write" is sourceless and has been
removed.
The signal
"mcs_0/U0/microblaze_I/MicroBlaze_Core_I/Area.Data_Flow_I/PC_Module_I/Using_FPGA
.Not_All_Bits.PC_GEN[16].PC_Bit_I/MUXCY_X/O" is sourceless and has been removed.
 Sourceless block
"mcs_0/U0/microblaze_I/MicroBlaze_Core_I/Area.Data_Flow_I/PC_Module_I/Using_FPGA
.Not_All_Bits.PC_GEN[16].PC_Bit_I/MUXCY_X/MUXCY_L_BUF" (BUF) removed.
  The signal
"mcs_0/U0/microblaze_I/MicroBlaze_Core_I/Area.Data_Flow_I/PC_Module_I/Using_FPGA
.Not_All_Bits.PC_GEN[16].PC_Bit_I/MUXCY_X/LO" is sourceless and has been
removed.
The signal
"mcs_0/U0/microblaze_I/MicroBlaze_Core_I/Area.Decode_I/PreFetch_Buffer_I/Using_F
PGA.Buffer_DFFs[1].buffer_Addr_MUXCY_L/O" is sourceless and has been removed.
 Sourceless block
"mcs_0/U0/microblaze_I/MicroBlaze_Core_I/Area.Decode_I/PreFetch_Buffer_I/Using_F
PGA.Buffer_DFFs[1].buffer_Addr_MUXCY_L/MUXCY_L_BUF" (BUF) removed.
  The signal
"mcs_0/U0/microblaze_I/MicroBlaze_Core_I/Area.Decode_I/PreFetch_Buffer_I/Using_F
PGA.Buffer_DFFs[1].buffer_Addr_MUXCY_L/LO" is sourceless and has been removed.

The trimmed logic reported below is either:
   1. part of a cycle
   2. part of disabled logic
   3. a side-effect of other trimmed logic

The signal "mp_gpi3<7>" is unused and has been removed.
Unused block "mcs_0/U0/iomodule_0/IOModule_Core_I1/intr_ctrl_I1/rst_cipr_rd1"
(ROM) removed.
Unused block "mcs_0/U0/iomodule_0/Mmux_gpo2_write11" (ROM) removed.
Unused block "mcs_0/U0/iomodule_0/Mmux_gpo3_write11" (ROM) removed.
Unused block "mcs_0/U0/iomodule_0/Mmux_uart_tx_write11" (ROM) removed.
Unused block
"mcs_0/U0/microblaze_I/MicroBlaze_Core_I/Area.Byte_Doublet_Handle_I/Using_FPGA.F
PGA_LUT6_Target.low_addr_i_INST" (LUT6_2) removed.
Unused block
"mcs_0/U0/microblaze_I/MicroBlaze_Core_I/Area.Data_Flow_I/PC_Module_I/Using_FPGA
.Not_All_Bits.PC_GEN[16].PC_Bit_I/MUXCY_X" (MUX) removed.
Unused block
"mcs_0/U0/microblaze_I/MicroBlaze_Core_I/Area.Decode_I/PreFetch_Buffer_I/Using_F
PGA.Buffer_DFFs[1].buffer_Addr_MUXCY_L" (MUX) removed.
Unused block
"mcs_0/U0/microblaze_I/MicroBlaze_Core_I/Area.Decode_I/iFetch_In_Progress_n1_INV
_0" (BUF) removed.
Unused block "mcs_1/U0/iomodule_0/IOModule_Core_I1/GPI_I2/GPI_Read_inv1" (ROM)
removed.
Unused block "mcs_1/U0/iomodule_0/IOModule_Core_I1/GPI_I3/GPI_Read_inv1" (ROM)
removed.
Unused block "mcs_1/U0/iomodule_0/IOModule_Core_I1/GPI_I4/GPI_Read_inv1" (ROM)
removed.
Unused block
"mcs_1/U0/iomodule_0/IOModule_Core_I1/Using_UART.Uart_Control_Status_I1/error_in
terrupt_glue_set" (ROM) removed.
Unused block "mcs_1/U0/iomodule_0/Mmux_gpo2_write11" (ROM) removed.
Unused block "mcs_1/U0/iomodule_0/Mmux_gpo3_write11" (ROM) removed.
Unused block "mcs_1/U0/iomodule_0/Mmux_gpo4_write11" (ROM) removed.
Unused block
"mcs_1/U0/microblaze_I/MicroBlaze_Core_I/Area.Byte_Doublet_Handle_I/Using_FPGA.F
PGA_LUT6_Target.low_addr_i_INST" (LUT6_2) removed.
Unused block
"mcs_1/U0/microblaze_I/MicroBlaze_Core_I/Area.Data_Flow_I/PC_Module_I/Using_FPGA
.Not_All_Bits.PC_GEN[16].PC_Bit_I/MUXCY_X" (MUX) removed.
Unused block
"mcs_1/U0/microblaze_I/MicroBlaze_Core_I/Area.Decode_I/PreFetch_Buffer_I/Using_F
PGA.Buffer_DFFs[1].buffer_Addr_MUXCY_L" (MUX) removed.
Unused block
"mcs_1/U0/microblaze_I/MicroBlaze_Core_I/Area.Decode_I/iFetch_In_Progress_n1_INV
_0" (BUF) removed.

Optimized Block(s):
TYPE 		BLOCK
INV 		U152/XLXI_118
INV 		U156/XLXI_7
INV 		U156/XLXI_8
INV 		U157/XLXI_7
INV 		U157/XLXI_8
INV 		U158/XLXI_118
INV 		U170/XLXI_7
INV 		U170/XLXI_8
INV 		U173/XLXI_7
INV 		U173/XLXI_8
INV 		U174/XLXI_7
INV 		U174/XLXI_8
INV 		U178/XLXI_118
INV 		U179/XLXI_118
GND 		U185/XST_GND
INV 		U200/XLXI_118
INV 		U201/XLXI_118
INV 		U244/XLXI_7
INV 		U244/XLXI_8
GND 		U66/XST_GND
VCC 		U66/XST_VCC
GND 		U67/XST_GND
VCC 		U67/XST_VCC
INV 		U80/XLXI_118
INV 		U81/XLXI_118
INV 		U82/XLXI_7
INV 		U82/XLXI_8
INV 		U83/XLXI_7
INV 		U83/XLXI_8
INV 		U84/XLXI_7
INV 		U84/XLXI_8
INV 		U85/XLXI_7
INV 		U85/XLXI_8
INV 		XLXI_1287/XLXI_118
VCC 		XLXI_1552
GND 		XLXI_1797
BUF 		XLXI_1938
FD 		mcs_0/U0/LMB_Rst
   optimized to 0
LUT3 		mcs_0/U0/filter_reset.reset_vec[2]_filter_reset.reset_vec[1]_OR_2_o1
   optimized to 0
FD 		mcs_0/U0/filter_reset.reset_vec_0
   optimized to 0
FD 		mcs_0/U0/filter_reset.reset_vec_1
   optimized to 0
FD 		mcs_0/U0/filter_reset.reset_vec_2
   optimized to 0
FDR 		mcs_0/U0/iomodule_0/IOModule_Core_I1/GPI_I1/GPI_In_29
   optimized to 0
FDR 		mcs_0/U0/iomodule_0/IOModule_Core_I1/GPI_I1/GPI_In_30
   optimized to 0
FDR 		mcs_0/U0/iomodule_0/IOModule_Core_I1/GPI_I1/GPI_In_31
   optimized to 0
FDR 		mcs_0/U0/iomodule_0/IOModule_Core_I1/GPI_I3/GPI_In_10
   optimized to 0
FDR 		mcs_0/U0/iomodule_0/IOModule_Core_I1/GPI_I3/GPI_In_11
   optimized to 0
FDR 		mcs_0/U0/iomodule_0/IOModule_Core_I1/GPI_I3/GPI_In_12
   optimized to 0
FDR 		mcs_0/U0/iomodule_0/IOModule_Core_I1/GPI_I3/GPI_In_13
   optimized to 0
FDR 		mcs_0/U0/iomodule_0/IOModule_Core_I1/GPI_I3/GPI_In_14
   optimized to 0
FDR 		mcs_0/U0/iomodule_0/IOModule_Core_I1/GPI_I3/GPI_In_15
   optimized to 0
FDR 		mcs_0/U0/iomodule_0/IOModule_Core_I1/GPI_I3/GPI_In_16
   optimized to 0
FDR 		mcs_0/U0/iomodule_0/IOModule_Core_I1/GPI_I3/GPI_In_17
   optimized to 0
FDR 		mcs_0/U0/iomodule_0/IOModule_Core_I1/GPI_I3/GPI_In_18
   optimized to 0
FDR 		mcs_0/U0/iomodule_0/IOModule_Core_I1/GPI_I3/GPI_In_19
   optimized to 0
FDR 		mcs_0/U0/iomodule_0/IOModule_Core_I1/GPI_I3/GPI_In_20
   optimized to 0
FDR 		mcs_0/U0/iomodule_0/IOModule_Core_I1/GPI_I3/GPI_In_21
   optimized to 0
FDR 		mcs_0/U0/iomodule_0/IOModule_Core_I1/GPI_I3/GPI_In_22
   optimized to 0
FDR 		mcs_0/U0/iomodule_0/IOModule_Core_I1/GPI_I3/GPI_In_23
   optimized to 0
FDR 		mcs_0/U0/iomodule_0/IOModule_Core_I1/GPI_I3/GPI_In_24
   optimized to 0
FDR 		mcs_0/U0/iomodule_0/IOModule_Core_I1/GPI_I3/GPI_In_25
   optimized to 0
FDR 		mcs_0/U0/iomodule_0/IOModule_Core_I1/GPI_I3/GPI_In_26
   optimized to 0
FDR 		mcs_0/U0/iomodule_0/IOModule_Core_I1/GPI_I3/GPI_In_27
   optimized to 0
FDR 		mcs_0/U0/iomodule_0/IOModule_Core_I1/GPI_I3/GPI_In_28
   optimized to 0
FDR 		mcs_0/U0/iomodule_0/IOModule_Core_I1/GPI_I3/GPI_In_29
   optimized to 0
FDR 		mcs_0/U0/iomodule_0/IOModule_Core_I1/GPI_I3/GPI_In_30
   optimized to 0
FDR 		mcs_0/U0/iomodule_0/IOModule_Core_I1/GPI_I3/GPI_In_31
   optimized to 0
FDR 		mcs_0/U0/iomodule_0/IOModule_Core_I1/GPI_I3/GPI_In_7
   optimized to 0
FDR 		mcs_0/U0/iomodule_0/IOModule_Core_I1/GPI_I3/GPI_In_8
   optimized to 0
FDR 		mcs_0/U0/iomodule_0/IOModule_Core_I1/GPI_I3/GPI_In_9
   optimized to 0
FDR 		mcs_0/U0/iomodule_0/IOModule_Core_I1/intr_ctrl_I1/cipr_rd_dff_all[0].fdr_i
   optimized to 0
FDR
		mcs_0/U0/iomodule_0/IOModule_Core_I1/intr_ctrl_I1/cipr_rd_dff_all[10].fdr_i
   optimized to 0
FDR
		mcs_0/U0/iomodule_0/IOModule_Core_I1/intr_ctrl_I1/cipr_rd_dff_all[11].fdr_i
   optimized to 0
FDR
		mcs_0/U0/iomodule_0/IOModule_Core_I1/intr_ctrl_I1/cipr_rd_dff_all[12].fdr_i
   optimized to 0
FDR
		mcs_0/U0/iomodule_0/IOModule_Core_I1/intr_ctrl_I1/cipr_rd_dff_all[13].fdr_i
   optimized to 0
FDR
		mcs_0/U0/iomodule_0/IOModule_Core_I1/intr_ctrl_I1/cipr_rd_dff_all[14].fdr_i
   optimized to 0
FDR
		mcs_0/U0/iomodule_0/IOModule_Core_I1/intr_ctrl_I1/cipr_rd_dff_all[15].fdr_i
   optimized to 0
FDR
		mcs_0/U0/iomodule_0/IOModule_Core_I1/intr_ctrl_I1/cipr_rd_dff_all[16].fdr_i
   optimized to 0
FDR
		mcs_0/U0/iomodule_0/IOModule_Core_I1/intr_ctrl_I1/cipr_rd_dff_all[17].fdr_i
   optimized to 0
FDR
		mcs_0/U0/iomodule_0/IOModule_Core_I1/intr_ctrl_I1/cipr_rd_dff_all[18].fdr_i
   optimized to 0
FDR
		mcs_0/U0/iomodule_0/IOModule_Core_I1/intr_ctrl_I1/cipr_rd_dff_all[19].fdr_i
   optimized to 0
FDR 		mcs_0/U0/iomodule_0/IOModule_Core_I1/intr_ctrl_I1/cipr_rd_dff_all[1].fdr_i
   optimized to 0
FDR
		mcs_0/U0/iomodule_0/IOModule_Core_I1/intr_ctrl_I1/cipr_rd_dff_all[20].fdr_i
   optimized to 0
FDR
		mcs_0/U0/iomodule_0/IOModule_Core_I1/intr_ctrl_I1/cipr_rd_dff_all[21].fdr_i
   optimized to 0
FDR
		mcs_0/U0/iomodule_0/IOModule_Core_I1/intr_ctrl_I1/cipr_rd_dff_all[22].fdr_i
   optimized to 0
FDR
		mcs_0/U0/iomodule_0/IOModule_Core_I1/intr_ctrl_I1/cipr_rd_dff_all[23].fdr_i
   optimized to 0
FDR
		mcs_0/U0/iomodule_0/IOModule_Core_I1/intr_ctrl_I1/cipr_rd_dff_all[24].fdr_i
   optimized to 0
FDR
		mcs_0/U0/iomodule_0/IOModule_Core_I1/intr_ctrl_I1/cipr_rd_dff_all[25].fdr_i
   optimized to 0
FDR
		mcs_0/U0/iomodule_0/IOModule_Core_I1/intr_ctrl_I1/cipr_rd_dff_all[26].fdr_i
   optimized to 0
FDR
		mcs_0/U0/iomodule_0/IOModule_Core_I1/intr_ctrl_I1/cipr_rd_dff_all[27].fdr_i
   optimized to 0
FDR
		mcs_0/U0/iomodule_0/IOModule_Core_I1/intr_ctrl_I1/cipr_rd_dff_all[28].fdr_i
   optimized to 0
FDR
		mcs_0/U0/iomodule_0/IOModule_Core_I1/intr_ctrl_I1/cipr_rd_dff_all[29].fdr_i
   optimized to 0
FDR 		mcs_0/U0/iomodule_0/IOModule_Core_I1/intr_ctrl_I1/cipr_rd_dff_all[2].fdr_i
   optimized to 0
FDR
		mcs_0/U0/iomodule_0/IOModule_Core_I1/intr_ctrl_I1/cipr_rd_dff_all[30].fdr_i
   optimized to 0
FDR
		mcs_0/U0/iomodule_0/IOModule_Core_I1/intr_ctrl_I1/cipr_rd_dff_all[31].fdr_i
   optimized to 0
FDR 		mcs_0/U0/iomodule_0/IOModule_Core_I1/intr_ctrl_I1/cipr_rd_dff_all[3].fdr_i
   optimized to 0
FDR 		mcs_0/U0/iomodule_0/IOModule_Core_I1/intr_ctrl_I1/cipr_rd_dff_all[4].fdr_i
   optimized to 0
FDR 		mcs_0/U0/iomodule_0/IOModule_Core_I1/intr_ctrl_I1/cipr_rd_dff_all[5].fdr_i
   optimized to 0
FDR 		mcs_0/U0/iomodule_0/IOModule_Core_I1/intr_ctrl_I1/cipr_rd_dff_all[6].fdr_i
   optimized to 0
FDR 		mcs_0/U0/iomodule_0/IOModule_Core_I1/intr_ctrl_I1/cipr_rd_dff_all[7].fdr_i
   optimized to 0
FDR 		mcs_0/U0/iomodule_0/IOModule_Core_I1/intr_ctrl_I1/cipr_rd_dff_all[8].fdr_i
   optimized to 0
FDR 		mcs_0/U0/iomodule_0/IOModule_Core_I1/intr_ctrl_I1/cipr_rd_dff_all[9].fdr_i
   optimized to 0
LUT3
		mcs_0/U0/microblaze_I/MicroBlaze_Core_I/Area.Data_Flow_I/ALU_I/FPGA_Target.No_
Carry_Decoding.alu_carry_select_LUT
   optimized to 0
GND 		mcs_0/XST_GND
VCC 		mcs_0/XST_VCC
FD 		mcs_1/U0/LMB_Rst
   optimized to 0
LUT3 		mcs_1/U0/dlmb/DBus_Oring.Res<0>_SW0
   optimized to 0
LUT3 		mcs_1/U0/dlmb/DBus_Oring.Res<10>_SW0
   optimized to 0
LUT3 		mcs_1/U0/dlmb/DBus_Oring.Res<11>_SW0
   optimized to 0
LUT3 		mcs_1/U0/dlmb/DBus_Oring.Res<12>_SW0
   optimized to 0
LUT3 		mcs_1/U0/dlmb/DBus_Oring.Res<13>_SW0
   optimized to 0
LUT3 		mcs_1/U0/dlmb/DBus_Oring.Res<14>_SW0
   optimized to 0
LUT3 		mcs_1/U0/dlmb/DBus_Oring.Res<15>_SW0
   optimized to 0
LUT3 		mcs_1/U0/dlmb/DBus_Oring.Res<16>_SW0
   optimized to 0
LUT3 		mcs_1/U0/dlmb/DBus_Oring.Res<17>_SW0
   optimized to 0
LUT3 		mcs_1/U0/dlmb/DBus_Oring.Res<18>_SW0
   optimized to 0
LUT3 		mcs_1/U0/dlmb/DBus_Oring.Res<19>_SW0
   optimized to 0
LUT3 		mcs_1/U0/dlmb/DBus_Oring.Res<1>_SW0
   optimized to 0
LUT3 		mcs_1/U0/dlmb/DBus_Oring.Res<20>_SW0
   optimized to 0
LUT3 		mcs_1/U0/dlmb/DBus_Oring.Res<21>_SW0
   optimized to 0
LUT3 		mcs_1/U0/dlmb/DBus_Oring.Res<22>_SW0
   optimized to 0
LUT3 		mcs_1/U0/dlmb/DBus_Oring.Res<23>_SW0
   optimized to 0
LUT3 		mcs_1/U0/dlmb/DBus_Oring.Res<2>_SW0
   optimized to 0
LUT3 		mcs_1/U0/dlmb/DBus_Oring.Res<3>_SW0
   optimized to 0
LUT3 		mcs_1/U0/dlmb/DBus_Oring.Res<4>_SW0
   optimized to 0
LUT3 		mcs_1/U0/dlmb/DBus_Oring.Res<5>_SW0
   optimized to 0
LUT3 		mcs_1/U0/dlmb/DBus_Oring.Res<6>_SW0
   optimized to 0
LUT3 		mcs_1/U0/dlmb/DBus_Oring.Res<7>_SW0
   optimized to 0
LUT3 		mcs_1/U0/dlmb/DBus_Oring.Res<8>_SW0
   optimized to 0
LUT3 		mcs_1/U0/dlmb/DBus_Oring.Res<9>_SW0
   optimized to 0
LUT3 		mcs_1/U0/filter_reset.reset_vec[2]_filter_reset.reset_vec[1]_OR_2_o1
   optimized to 0
FD 		mcs_1/U0/filter_reset.reset_vec_0
   optimized to 0
FD 		mcs_1/U0/filter_reset.reset_vec_1
   optimized to 0
FD 		mcs_1/U0/filter_reset.reset_vec_2
   optimized to 0
FDR 		mcs_1/U0/iomodule_0/IOModule_Core_I1/GPI_I2/GPI_In_0
   optimized to 0
FDR 		mcs_1/U0/iomodule_0/IOModule_Core_I1/GPI_I2/GPI_In_1
   optimized to 0
FDR 		mcs_1/U0/iomodule_0/IOModule_Core_I1/GPI_I2/GPI_In_10
   optimized to 0
FDR 		mcs_1/U0/iomodule_0/IOModule_Core_I1/GPI_I2/GPI_In_11
   optimized to 0
FDR 		mcs_1/U0/iomodule_0/IOModule_Core_I1/GPI_I2/GPI_In_12
   optimized to 0
FDR 		mcs_1/U0/iomodule_0/IOModule_Core_I1/GPI_I2/GPI_In_13
   optimized to 0
FDR 		mcs_1/U0/iomodule_0/IOModule_Core_I1/GPI_I2/GPI_In_14
   optimized to 0
FDR 		mcs_1/U0/iomodule_0/IOModule_Core_I1/GPI_I2/GPI_In_15
   optimized to 0
FDR 		mcs_1/U0/iomodule_0/IOModule_Core_I1/GPI_I2/GPI_In_16
   optimized to 0
FDR 		mcs_1/U0/iomodule_0/IOModule_Core_I1/GPI_I2/GPI_In_17
   optimized to 0
FDR 		mcs_1/U0/iomodule_0/IOModule_Core_I1/GPI_I2/GPI_In_18
   optimized to 0
FDR 		mcs_1/U0/iomodule_0/IOModule_Core_I1/GPI_I2/GPI_In_19
   optimized to 0
FDR 		mcs_1/U0/iomodule_0/IOModule_Core_I1/GPI_I2/GPI_In_2
   optimized to 0
FDR 		mcs_1/U0/iomodule_0/IOModule_Core_I1/GPI_I2/GPI_In_20
   optimized to 0
FDR 		mcs_1/U0/iomodule_0/IOModule_Core_I1/GPI_I2/GPI_In_21
   optimized to 0
FDR 		mcs_1/U0/iomodule_0/IOModule_Core_I1/GPI_I2/GPI_In_22
   optimized to 0
FDR 		mcs_1/U0/iomodule_0/IOModule_Core_I1/GPI_I2/GPI_In_23
   optimized to 0
FDR 		mcs_1/U0/iomodule_0/IOModule_Core_I1/GPI_I2/GPI_In_24
   optimized to 0
FDR 		mcs_1/U0/iomodule_0/IOModule_Core_I1/GPI_I2/GPI_In_25
   optimized to 0
FDR 		mcs_1/U0/iomodule_0/IOModule_Core_I1/GPI_I2/GPI_In_26
   optimized to 0
FDR 		mcs_1/U0/iomodule_0/IOModule_Core_I1/GPI_I2/GPI_In_27
   optimized to 0
FDR 		mcs_1/U0/iomodule_0/IOModule_Core_I1/GPI_I2/GPI_In_28
   optimized to 0
FDR 		mcs_1/U0/iomodule_0/IOModule_Core_I1/GPI_I2/GPI_In_29
   optimized to 0
FDR 		mcs_1/U0/iomodule_0/IOModule_Core_I1/GPI_I2/GPI_In_3
   optimized to 0
FDR 		mcs_1/U0/iomodule_0/IOModule_Core_I1/GPI_I2/GPI_In_30
   optimized to 0
FDR 		mcs_1/U0/iomodule_0/IOModule_Core_I1/GPI_I2/GPI_In_31
   optimized to 0
FDR 		mcs_1/U0/iomodule_0/IOModule_Core_I1/GPI_I2/GPI_In_4
   optimized to 0
FDR 		mcs_1/U0/iomodule_0/IOModule_Core_I1/GPI_I2/GPI_In_5
   optimized to 0
FDR 		mcs_1/U0/iomodule_0/IOModule_Core_I1/GPI_I2/GPI_In_6
   optimized to 0
FDR 		mcs_1/U0/iomodule_0/IOModule_Core_I1/GPI_I2/GPI_In_7
   optimized to 0
FDR 		mcs_1/U0/iomodule_0/IOModule_Core_I1/GPI_I2/GPI_In_8
   optimized to 0
FDR 		mcs_1/U0/iomodule_0/IOModule_Core_I1/GPI_I2/GPI_In_9
   optimized to 0
FDR 		mcs_1/U0/iomodule_0/IOModule_Core_I1/GPI_I3/GPI_In_0
   optimized to 0
FDR 		mcs_1/U0/iomodule_0/IOModule_Core_I1/GPI_I3/GPI_In_1
   optimized to 0
FDR 		mcs_1/U0/iomodule_0/IOModule_Core_I1/GPI_I3/GPI_In_10
   optimized to 0
FDR 		mcs_1/U0/iomodule_0/IOModule_Core_I1/GPI_I3/GPI_In_11
   optimized to 0
FDR 		mcs_1/U0/iomodule_0/IOModule_Core_I1/GPI_I3/GPI_In_12
   optimized to 0
FDR 		mcs_1/U0/iomodule_0/IOModule_Core_I1/GPI_I3/GPI_In_13
   optimized to 0
FDR 		mcs_1/U0/iomodule_0/IOModule_Core_I1/GPI_I3/GPI_In_14
   optimized to 0
FDR 		mcs_1/U0/iomodule_0/IOModule_Core_I1/GPI_I3/GPI_In_15
   optimized to 0
FDR 		mcs_1/U0/iomodule_0/IOModule_Core_I1/GPI_I3/GPI_In_16
   optimized to 0
FDR 		mcs_1/U0/iomodule_0/IOModule_Core_I1/GPI_I3/GPI_In_17
   optimized to 0
FDR 		mcs_1/U0/iomodule_0/IOModule_Core_I1/GPI_I3/GPI_In_18
   optimized to 0
FDR 		mcs_1/U0/iomodule_0/IOModule_Core_I1/GPI_I3/GPI_In_19
   optimized to 0
FDR 		mcs_1/U0/iomodule_0/IOModule_Core_I1/GPI_I3/GPI_In_2
   optimized to 0
FDR 		mcs_1/U0/iomodule_0/IOModule_Core_I1/GPI_I3/GPI_In_20
   optimized to 0
FDR 		mcs_1/U0/iomodule_0/IOModule_Core_I1/GPI_I3/GPI_In_21
   optimized to 0
FDR 		mcs_1/U0/iomodule_0/IOModule_Core_I1/GPI_I3/GPI_In_22
   optimized to 0
FDR 		mcs_1/U0/iomodule_0/IOModule_Core_I1/GPI_I3/GPI_In_23
   optimized to 0
FDR 		mcs_1/U0/iomodule_0/IOModule_Core_I1/GPI_I3/GPI_In_24
   optimized to 0
FDR 		mcs_1/U0/iomodule_0/IOModule_Core_I1/GPI_I3/GPI_In_25
   optimized to 0
FDR 		mcs_1/U0/iomodule_0/IOModule_Core_I1/GPI_I3/GPI_In_26
   optimized to 0
FDR 		mcs_1/U0/iomodule_0/IOModule_Core_I1/GPI_I3/GPI_In_27
   optimized to 0
FDR 		mcs_1/U0/iomodule_0/IOModule_Core_I1/GPI_I3/GPI_In_28
   optimized to 0
FDR 		mcs_1/U0/iomodule_0/IOModule_Core_I1/GPI_I3/GPI_In_29
   optimized to 0
FDR 		mcs_1/U0/iomodule_0/IOModule_Core_I1/GPI_I3/GPI_In_3
   optimized to 0
FDR 		mcs_1/U0/iomodule_0/IOModule_Core_I1/GPI_I3/GPI_In_30
   optimized to 0
FDR 		mcs_1/U0/iomodule_0/IOModule_Core_I1/GPI_I3/GPI_In_31
   optimized to 0
FDR 		mcs_1/U0/iomodule_0/IOModule_Core_I1/GPI_I3/GPI_In_4
   optimized to 0
FDR 		mcs_1/U0/iomodule_0/IOModule_Core_I1/GPI_I3/GPI_In_5
   optimized to 0
FDR 		mcs_1/U0/iomodule_0/IOModule_Core_I1/GPI_I3/GPI_In_6
   optimized to 0
FDR 		mcs_1/U0/iomodule_0/IOModule_Core_I1/GPI_I3/GPI_In_7
   optimized to 0
FDR 		mcs_1/U0/iomodule_0/IOModule_Core_I1/GPI_I3/GPI_In_8
   optimized to 0
FDR 		mcs_1/U0/iomodule_0/IOModule_Core_I1/GPI_I3/GPI_In_9
   optimized to 0
FDR 		mcs_1/U0/iomodule_0/IOModule_Core_I1/GPI_I4/GPI_In_0
   optimized to 0
FDR 		mcs_1/U0/iomodule_0/IOModule_Core_I1/GPI_I4/GPI_In_1
   optimized to 0
FDR 		mcs_1/U0/iomodule_0/IOModule_Core_I1/GPI_I4/GPI_In_10
   optimized to 0
FDR 		mcs_1/U0/iomodule_0/IOModule_Core_I1/GPI_I4/GPI_In_11
   optimized to 0
FDR 		mcs_1/U0/iomodule_0/IOModule_Core_I1/GPI_I4/GPI_In_12
   optimized to 0
FDR 		mcs_1/U0/iomodule_0/IOModule_Core_I1/GPI_I4/GPI_In_13
   optimized to 0
FDR 		mcs_1/U0/iomodule_0/IOModule_Core_I1/GPI_I4/GPI_In_14
   optimized to 0
FDR 		mcs_1/U0/iomodule_0/IOModule_Core_I1/GPI_I4/GPI_In_15
   optimized to 0
FDR 		mcs_1/U0/iomodule_0/IOModule_Core_I1/GPI_I4/GPI_In_16
   optimized to 0
FDR 		mcs_1/U0/iomodule_0/IOModule_Core_I1/GPI_I4/GPI_In_17
   optimized to 0
FDR 		mcs_1/U0/iomodule_0/IOModule_Core_I1/GPI_I4/GPI_In_18
   optimized to 0
FDR 		mcs_1/U0/iomodule_0/IOModule_Core_I1/GPI_I4/GPI_In_19
   optimized to 0
FDR 		mcs_1/U0/iomodule_0/IOModule_Core_I1/GPI_I4/GPI_In_2
   optimized to 0
FDR 		mcs_1/U0/iomodule_0/IOModule_Core_I1/GPI_I4/GPI_In_20
   optimized to 0
FDR 		mcs_1/U0/iomodule_0/IOModule_Core_I1/GPI_I4/GPI_In_21
   optimized to 0
FDR 		mcs_1/U0/iomodule_0/IOModule_Core_I1/GPI_I4/GPI_In_22
   optimized to 0
FDR 		mcs_1/U0/iomodule_0/IOModule_Core_I1/GPI_I4/GPI_In_23
   optimized to 0
FDR 		mcs_1/U0/iomodule_0/IOModule_Core_I1/GPI_I4/GPI_In_24
   optimized to 0
FDR 		mcs_1/U0/iomodule_0/IOModule_Core_I1/GPI_I4/GPI_In_25
   optimized to 0
FDR 		mcs_1/U0/iomodule_0/IOModule_Core_I1/GPI_I4/GPI_In_26
   optimized to 0
FDR 		mcs_1/U0/iomodule_0/IOModule_Core_I1/GPI_I4/GPI_In_27
   optimized to 0
FDR 		mcs_1/U0/iomodule_0/IOModule_Core_I1/GPI_I4/GPI_In_28
   optimized to 0
FDR 		mcs_1/U0/iomodule_0/IOModule_Core_I1/GPI_I4/GPI_In_29
   optimized to 0
FDR 		mcs_1/U0/iomodule_0/IOModule_Core_I1/GPI_I4/GPI_In_3
   optimized to 0
FDR 		mcs_1/U0/iomodule_0/IOModule_Core_I1/GPI_I4/GPI_In_30
   optimized to 0
FDR 		mcs_1/U0/iomodule_0/IOModule_Core_I1/GPI_I4/GPI_In_31
   optimized to 0
FDR 		mcs_1/U0/iomodule_0/IOModule_Core_I1/GPI_I4/GPI_In_4
   optimized to 0
FDR 		mcs_1/U0/iomodule_0/IOModule_Core_I1/GPI_I4/GPI_In_5
   optimized to 0
FDR 		mcs_1/U0/iomodule_0/IOModule_Core_I1/GPI_I4/GPI_In_6
   optimized to 0
FDR 		mcs_1/U0/iomodule_0/IOModule_Core_I1/GPI_I4/GPI_In_7
   optimized to 0
FDR 		mcs_1/U0/iomodule_0/IOModule_Core_I1/GPI_I4/GPI_In_8
   optimized to 0
FDR 		mcs_1/U0/iomodule_0/IOModule_Core_I1/GPI_I4/GPI_In_9
   optimized to 0
FDR 		mcs_1/U0/iomodule_0/IOModule_Core_I1/intr_ctrl_I1/cipr_rd_dff_all[0].fdr_i
   optimized to 0
FDR
		mcs_1/U0/iomodule_0/IOModule_Core_I1/intr_ctrl_I1/cipr_rd_dff_all[10].fdr_i
   optimized to 0
FDR
		mcs_1/U0/iomodule_0/IOModule_Core_I1/intr_ctrl_I1/cipr_rd_dff_all[11].fdr_i
   optimized to 0
FDR
		mcs_1/U0/iomodule_0/IOModule_Core_I1/intr_ctrl_I1/cipr_rd_dff_all[12].fdr_i
   optimized to 0
FDR
		mcs_1/U0/iomodule_0/IOModule_Core_I1/intr_ctrl_I1/cipr_rd_dff_all[13].fdr_i
   optimized to 0
FDR
		mcs_1/U0/iomodule_0/IOModule_Core_I1/intr_ctrl_I1/cipr_rd_dff_all[14].fdr_i
   optimized to 0
FDR
		mcs_1/U0/iomodule_0/IOModule_Core_I1/intr_ctrl_I1/cipr_rd_dff_all[15].fdr_i
   optimized to 0
FDR
		mcs_1/U0/iomodule_0/IOModule_Core_I1/intr_ctrl_I1/cipr_rd_dff_all[16].fdr_i
   optimized to 0
FDR
		mcs_1/U0/iomodule_0/IOModule_Core_I1/intr_ctrl_I1/cipr_rd_dff_all[17].fdr_i
   optimized to 0
FDR
		mcs_1/U0/iomodule_0/IOModule_Core_I1/intr_ctrl_I1/cipr_rd_dff_all[18].fdr_i
   optimized to 0
FDR
		mcs_1/U0/iomodule_0/IOModule_Core_I1/intr_ctrl_I1/cipr_rd_dff_all[19].fdr_i
   optimized to 0
FDR
		mcs_1/U0/iomodule_0/IOModule_Core_I1/intr_ctrl_I1/cipr_rd_dff_all[20].fdr_i
   optimized to 0
FDR
		mcs_1/U0/iomodule_0/IOModule_Core_I1/intr_ctrl_I1/cipr_rd_dff_all[21].fdr_i
   optimized to 0
FDR
		mcs_1/U0/iomodule_0/IOModule_Core_I1/intr_ctrl_I1/cipr_rd_dff_all[22].fdr_i
   optimized to 0
FDR
		mcs_1/U0/iomodule_0/IOModule_Core_I1/intr_ctrl_I1/cipr_rd_dff_all[23].fdr_i
   optimized to 0
FDR
		mcs_1/U0/iomodule_0/IOModule_Core_I1/intr_ctrl_I1/cipr_rd_dff_all[24].fdr_i
   optimized to 0
FDR
		mcs_1/U0/iomodule_0/IOModule_Core_I1/intr_ctrl_I1/cipr_rd_dff_all[25].fdr_i
   optimized to 0
FDR
		mcs_1/U0/iomodule_0/IOModule_Core_I1/intr_ctrl_I1/cipr_rd_dff_all[26].fdr_i
   optimized to 0
FDR
		mcs_1/U0/iomodule_0/IOModule_Core_I1/intr_ctrl_I1/cipr_rd_dff_all[27].fdr_i
   optimized to 0
FDR
		mcs_1/U0/iomodule_0/IOModule_Core_I1/intr_ctrl_I1/cipr_rd_dff_all[28].fdr_i
   optimized to 0
FDR
		mcs_1/U0/iomodule_0/IOModule_Core_I1/intr_ctrl_I1/cipr_rd_dff_all[29].fdr_i
   optimized to 0
FDR
		mcs_1/U0/iomodule_0/IOModule_Core_I1/intr_ctrl_I1/cipr_rd_dff_all[30].fdr_i
   optimized to 0
FDR
		mcs_1/U0/iomodule_0/IOModule_Core_I1/intr_ctrl_I1/cipr_rd_dff_all[31].fdr_i
   optimized to 0
FDR 		mcs_1/U0/iomodule_0/IOModule_Core_I1/intr_ctrl_I1/cipr_rd_dff_all[3].fdr_i
   optimized to 0
FDR 		mcs_1/U0/iomodule_0/IOModule_Core_I1/intr_ctrl_I1/cipr_rd_dff_all[4].fdr_i
   optimized to 0
FDR 		mcs_1/U0/iomodule_0/IOModule_Core_I1/intr_ctrl_I1/cipr_rd_dff_all[5].fdr_i
   optimized to 0
FDR 		mcs_1/U0/iomodule_0/IOModule_Core_I1/intr_ctrl_I1/cipr_rd_dff_all[6].fdr_i
   optimized to 0
FDR 		mcs_1/U0/iomodule_0/IOModule_Core_I1/intr_ctrl_I1/cipr_rd_dff_all[7].fdr_i
   optimized to 0
FDR 		mcs_1/U0/iomodule_0/IOModule_Core_I1/intr_ctrl_I1/cipr_rd_dff_all[8].fdr_i
   optimized to 0
FDR 		mcs_1/U0/iomodule_0/IOModule_Core_I1/intr_ctrl_I1/cipr_rd_dff_all[9].fdr_i
   optimized to 0
LUT3
		mcs_1/U0/microblaze_I/MicroBlaze_Core_I/Area.Data_Flow_I/ALU_I/FPGA_Target.No_
Carry_Decoding.alu_carry_select_LUT
   optimized to 0
FDR 		mcs_1/U0/microblaze_I/MicroBlaze_Core_I/Area.Decode_I/Write_DIV_result
   optimized to 0
GND 		mcs_1/XST_GND
VCC 		mcs_1/XST_VCC

To enable printing of redundant blocks removed and signals merged, set the
detailed map report option and rerun map.

Section 6 - IOB Properties
--------------------------

+---------------------------------------------------------------------------------------------------------------------------------------------------------+
| IOB Name                           | Type             | Direction | IO Standard          | Diff  | Drive    | Slew | Reg (s)      | Resistor | IOB      |
|                                    |                  |           |                      | Term  | Strength | Rate |              |          | Delay    |
+---------------------------------------------------------------------------------------------------------------------------------------------------------+
| A0_NB2P                            | IOB33            | OUTPUT    | LVCMOS33             |       | 12       | SLOW |              |          |          |
| A1_NB2P                            | IOB33            | OUTPUT    | LVCMOS33             |       | 12       | SLOW |              |          |          |
| A2_NB2P                            | IOB33            | OUTPUT    | LVCMOS33             |       | 12       | SLOW |              |          |          |
| A3_NB2P                            | IOB33            | OUTPUT    | LVCMOS33             |       | 12       | SLOW |              |          |          |
| A4_NB2P                            | IOB33            | OUTPUT    | LVCMOS33             |       | 12       | SLOW |              |          |          |
| A5_NB2P                            | IOB33            | OUTPUT    | LVCMOS33             |       | 12       | SLOW |              |          |          |
| A6_NB2P                            | IOB33            | OUTPUT    | LVCMOS33             |       | 12       | SLOW |              |          |          |
| A7_NB2P                            | IOB33            | OUTPUT    | LVCMOS33             |       | 12       | SLOW |              |          |          |
| ADD_NB2P                           | IOB33            | OUTPUT    | LVCMOS33             |       | 12       | SLOW |              |          |          |
| CA_NB2P                            | IOB33            | OUTPUT    | LVCMOS33             |       | 12       | SLOW |              |          |          |
| CB_NB2P                            | IOB33            | OUTPUT    | LVCMOS33             |       | 12       | SLOW |              |          |          |
| CC_NB2P                            | IOB33            | OUTPUT    | LVCMOS33             |       | 12       | SLOW |              |          |          |
| CD_NB2P                            | IOB33            | OUTPUT    | LVCMOS33             |       | 12       | SLOW |              |          |          |
| CE_NB2P                            | IOB33            | OUTPUT    | LVCMOS33             |       | 12       | SLOW |              |          |          |
| CF_NB2P                            | IOB33            | OUTPUT    | LVCMOS33             |       | 12       | SLOW |              |          |          |
| CG_NB2P                            | IOB33            | OUTPUT    | LVCMOS33             |       | 12       | SLOW |              |          |          |
| CLOCK_NP2B                         | IOB33            | INPUT     | LVCMOS33             |       |          |      |              |          |          |
| P1PLAY_NP2B                        | IOB33            | INPUT     | LVCMOS33             |       |          |      |              |          |          |
| P2PLAY_NP2B                        | IOB33            | INPUT     | LVCMOS33             |       |          |      | IFF          |          |          |
| RD0_NB2P                           | IOB33            | OUTPUT    | LVCMOS33             |       | 12       | SLOW |              |          |          |
| RD1_NB2P                           | IOB33            | OUTPUT    | LVCMOS33             |       | 12       | SLOW |              |          |          |
| RD2_NB2P                           | IOB33            | OUTPUT    | LVCMOS33             |       | 12       | SLOW |              |          |          |
| RD3_NB2P                           | IOB33            | OUTPUT    | LVCMOS33             |       | 12       | SLOW |              |          |          |
| RESET_NP2B                         | IOB33            | INPUT     | LVCMOS33             |       |          |      |              |          |          |
| SHPTS_NP2B                         | IOB33            | INPUT     | LVCMOS33             |       |          |      |              |          |          |
| STR0_NB2P                          | IOB33            | OUTPUT    | LVCMOS33             |       | 12       | SLOW |              |          |          |
| STR1_NB2P                          | IOB33            | OUTPUT    | LVCMOS33             |       | 12       | SLOW |              |          |          |
| STR2_NB2P                          | IOB33            | OUTPUT    | LVCMOS33             |       | 12       | SLOW |              |          |          |
| TRD1_NP2B                          | IOB33            | INPUT     | LVCMOS33             |       |          |      |              |          |          |
| TRD2_NP2B                          | IOB33            | INPUT     | LVCMOS33             |       |          |      |              |          |          |
| TRD3_NP2B                          | IOB33            | INPUT     | LVCMOS33             |       |          |      |              |          |          |
| UART_RX                            | IOB33            | INPUT     | LVCMOS33             |       |          |      |              |          |          |
| UART_TX                            | IOB33            | OUTPUT    | LVCMOS33             |       | 12       | SLOW |              |          |          |
+---------------------------------------------------------------------------------------------------------------------------------------------------------+

Section 7 - RPMs
----------------

Section 8 - Guide Report
------------------------
Guide not run on this design.

Section 9 - Area Group and Partition Summary
--------------------------------------------

Partition Implementation Status
-------------------------------

  No Partitions were found in this design.

-------------------------------

Area Group Information
----------------------

  No area groups were found in this design.

----------------------

Section 10 - Timing Report
--------------------------
A logic-level (pre-route) timing report can be generated by using Xilinx static
timing analysis tools, Timing Analyzer (GUI) or TRCE (command line), with the
mapped NCD and PCF files. Please note that this timing report will be generated
using estimated delay information. For accurate numbers, please generate a
timing report with the post Place and Route NCD file.

For more information about the Timing Analyzer, consult the Xilinx Timing
Analyzer Reference Manual; for more information about TRCE, consult the Xilinx
Command Line Tools User Guide "TRACE" chapter.

Section 11 - Configuration String Details
-----------------------------------------
Use the "-detail" map option to print out Configuration Strings

Section 12 - Control Set Information
------------------------------------
Use the "-detail" map option to print out Control Set Information.

Section 13 - Utilization by Hierarchy
-------------------------------------
Use the "-detail" map option to print out the Utilization by Hierarchy section.
